<?xml version="1.0" encoding="UTF-8"?>
<robot generator="Robot 6.1.1 (Python 3.12.1 on win32)" generated="20240111 11:47:28.328" rpa="false" schemaversion="4">
<suite id="s1" name="Validate if MidStream Dashboard is loading" source="C:\Users\10712370\PycharmProjects\pythonProject\BPxPoc\Tests\OneMap\TestCase\Validate_if_MidStream_Dashboard_is_loading.robot">
<test id="s1-t1" name="Validate_if_MidStream_Dashboard_is_loading" line="19">
<kw name="One Map GIS Login" library="ArcGIS_LogIn">
<kw name="ARCGIS_Variables_Read_from_Excel" library="ArcGIS_Constants">
<doc>This Function used to get cell value from Excel file</doc>
<kw name="Read_Data_From_Excel_File" library="Read_data_from_excel_file">
<var>${BROWSER}</var>
<arg>User_Dashboard.xlsx</arg>
<arg>Arc_GIS</arg>
<arg>2</arg>
<arg>2</arg>
<kw name="Replace String" library="String">
<var>${file_path}</var>
<arg>${file_path1}</arg>
<arg>filename</arg>
<arg>${filename}</arg>
<doc>Replaces ``search_for`` in the given ``string`` with ``replace_with``.</doc>
<msg timestamp="20240111 11:47:30.190" level="INFO">${file_path} = C:\Users\10712370\PycharmProjects\pythonProject\BPxPoc\Utilities\..\TestData\User_Dashboard.xlsx</msg>
<status status="PASS" starttime="20240111 11:47:30.189" endtime="20240111 11:47:30.190"/>
</kw>
<kw name="Open Excel Document" library="ExcelLibrary">
<arg>${file_path}</arg>
<arg>doc_id=docid</arg>
<doc>Opens xlsx document file.</doc>
<msg timestamp="20240111 11:47:30.208" level="INFO">C:\Users\10712370\PycharmProjects\pythonProject\venv\Lib\site-packages\openpyxl\worksheet\_reader.py:329: UserWarning: Data Validation extension is not supported and will be removed
  warn(msg)</msg>
<status status="PASS" starttime="20240111 11:47:30.190" endtime="20240111 11:47:30.208"/>
</kw>
<kw name="Get List Sheet Names" library="ExcelLibrary">
<var>${sheets}</var>
<doc>Returns a list of sheet names in the current document.</doc>
<msg timestamp="20240111 11:47:30.209" level="INFO">${sheets} = ['Portal', 'OneMapRouting', 'Arc_GIS', 'Master']</msg>
<status status="PASS" starttime="20240111 11:47:30.208" endtime="20240111 11:47:30.209"/>
</kw>
<kw name="Read Excel Cell" library="ExcelLibrary">
<var>${data}</var>
<arg>${rownum}</arg>
<arg>${colnum}</arg>
<arg>${sheet_name}</arg>
<doc>Returns content of a cell.</doc>
<msg timestamp="20240111 11:47:30.209" level="INFO">${data} = Chrome</msg>
<status status="PASS" starttime="20240111 11:47:30.209" endtime="20240111 11:47:30.209"/>
</kw>
<kw name="Close Current Excel Document" library="ExcelLibrary">
<doc>Closes current document.</doc>
<status status="PASS" starttime="20240111 11:47:30.209" endtime="20240111 11:47:30.209"/>
</kw>
<msg timestamp="20240111 11:47:30.210" level="INFO">${BROWSER} = Chrome</msg>
<status status="PASS" starttime="20240111 11:47:30.189" endtime="20240111 11:47:30.210"/>
</kw>
<kw name="Read_Data_From_Excel_File" library="Read_data_from_excel_file">
<var>${GIS_URL}</var>
<arg>User_Dashboard.xlsx</arg>
<arg>Arc_GIS</arg>
<arg>3</arg>
<arg>2</arg>
<kw name="Replace String" library="String">
<var>${file_path}</var>
<arg>${file_path1}</arg>
<arg>filename</arg>
<arg>${filename}</arg>
<doc>Replaces ``search_for`` in the given ``string`` with ``replace_with``.</doc>
<msg timestamp="20240111 11:47:30.210" level="INFO">${file_path} = C:\Users\10712370\PycharmProjects\pythonProject\BPxPoc\Utilities\..\TestData\User_Dashboard.xlsx</msg>
<status status="PASS" starttime="20240111 11:47:30.210" endtime="20240111 11:47:30.210"/>
</kw>
<kw name="Open Excel Document" library="ExcelLibrary">
<arg>${file_path}</arg>
<arg>doc_id=docid</arg>
<doc>Opens xlsx document file.</doc>
<status status="PASS" starttime="20240111 11:47:30.210" endtime="20240111 11:47:30.257"/>
</kw>
<kw name="Get List Sheet Names" library="ExcelLibrary">
<var>${sheets}</var>
<doc>Returns a list of sheet names in the current document.</doc>
<msg timestamp="20240111 11:47:30.258" level="INFO">${sheets} = ['Portal', 'OneMapRouting', 'Arc_GIS', 'Master']</msg>
<status status="PASS" starttime="20240111 11:47:30.258" endtime="20240111 11:47:30.258"/>
</kw>
<kw name="Read Excel Cell" library="ExcelLibrary">
<var>${data}</var>
<arg>${rownum}</arg>
<arg>${colnum}</arg>
<arg>${sheet_name}</arg>
<doc>Returns content of a cell.</doc>
<msg timestamp="20240111 11:47:30.258" level="INFO">${data} = https://onemap.bpx.com/portal/apps/dashboards/8eead05d24e04e2ca5b1212e2bbab3b6</msg>
<status status="PASS" starttime="20240111 11:47:30.258" endtime="20240111 11:47:30.258"/>
</kw>
<kw name="Close Current Excel Document" library="ExcelLibrary">
<doc>Closes current document.</doc>
<status status="PASS" starttime="20240111 11:47:30.258" endtime="20240111 11:47:30.258"/>
</kw>
<msg timestamp="20240111 11:47:30.258" level="INFO">${GIS_URL} = https://onemap.bpx.com/portal/apps/dashboards/8eead05d24e04e2ca5b1212e2bbab3b6</msg>
<status status="PASS" starttime="20240111 11:47:30.210" endtime="20240111 11:47:30.258"/>
</kw>
<kw name="Read_Data_From_Excel_File" library="Read_data_from_excel_file">
<var>${GPS_URL}</var>
<arg>User_Dashboard.xlsx</arg>
<arg>Arc_GIS</arg>
<arg>4</arg>
<arg>2</arg>
<kw name="Replace String" library="String">
<var>${file_path}</var>
<arg>${file_path1}</arg>
<arg>filename</arg>
<arg>${filename}</arg>
<doc>Replaces ``search_for`` in the given ``string`` with ``replace_with``.</doc>
<msg timestamp="20240111 11:47:30.259" level="INFO">${file_path} = C:\Users\10712370\PycharmProjects\pythonProject\BPxPoc\Utilities\..\TestData\User_Dashboard.xlsx</msg>
<status status="PASS" starttime="20240111 11:47:30.259" endtime="20240111 11:47:30.259"/>
</kw>
<kw name="Open Excel Document" library="ExcelLibrary">
<arg>${file_path}</arg>
<arg>doc_id=docid</arg>
<doc>Opens xlsx document file.</doc>
<status status="PASS" starttime="20240111 11:47:30.259" endtime="20240111 11:47:30.275"/>
</kw>
<kw name="Get List Sheet Names" library="ExcelLibrary">
<var>${sheets}</var>
<doc>Returns a list of sheet names in the current document.</doc>
<msg timestamp="20240111 11:47:30.275" level="INFO">${sheets} = ['Portal', 'OneMapRouting', 'Arc_GIS', 'Master']</msg>
<status status="PASS" starttime="20240111 11:47:30.275" endtime="20240111 11:47:30.275"/>
</kw>
<kw name="Read Excel Cell" library="ExcelLibrary">
<var>${data}</var>
<arg>${rownum}</arg>
<arg>${colnum}</arg>
<arg>${sheet_name}</arg>
<doc>Returns content of a cell.</doc>
<msg timestamp="20240111 11:47:30.276" level="INFO">${data} = https://onemap.bpx.com/portal/apps/webappviewer/index.html?id=9226c6c1d0c844cfa5ae0a0cc8908ddc</msg>
<status status="PASS" starttime="20240111 11:47:30.275" endtime="20240111 11:47:30.276"/>
</kw>
<kw name="Close Current Excel Document" library="ExcelLibrary">
<doc>Closes current document.</doc>
<status status="PASS" starttime="20240111 11:47:30.276" endtime="20240111 11:47:30.276"/>
</kw>
<msg timestamp="20240111 11:47:30.276" level="INFO">${GPS_URL} = https://onemap.bpx.com/portal/apps/webappviewer/index.html?id=9226c6c1d0c844cfa5ae0a0cc8908ddc</msg>
<status status="PASS" starttime="20240111 11:47:30.258" endtime="20240111 11:47:30.276"/>
</kw>
<kw name="Read_Data_From_Excel_File" library="Read_data_from_excel_file">
<var>${UserName}</var>
<arg>User_Dashboard.xlsx</arg>
<arg>Arc_GIS</arg>
<arg>5</arg>
<arg>2</arg>
<kw name="Replace String" library="String">
<var>${file_path}</var>
<arg>${file_path1}</arg>
<arg>filename</arg>
<arg>${filename}</arg>
<doc>Replaces ``search_for`` in the given ``string`` with ``replace_with``.</doc>
<msg timestamp="20240111 11:47:30.276" level="INFO">${file_path} = C:\Users\10712370\PycharmProjects\pythonProject\BPxPoc\Utilities\..\TestData\User_Dashboard.xlsx</msg>
<status status="PASS" starttime="20240111 11:47:30.276" endtime="20240111 11:47:30.277"/>
</kw>
<kw name="Open Excel Document" library="ExcelLibrary">
<arg>${file_path}</arg>
<arg>doc_id=docid</arg>
<doc>Opens xlsx document file.</doc>
<status status="PASS" starttime="20240111 11:47:30.277" endtime="20240111 11:47:30.292"/>
</kw>
<kw name="Get List Sheet Names" library="ExcelLibrary">
<var>${sheets}</var>
<doc>Returns a list of sheet names in the current document.</doc>
<msg timestamp="20240111 11:47:30.293" level="INFO">${sheets} = ['Portal', 'OneMapRouting', 'Arc_GIS', 'Master']</msg>
<status status="PASS" starttime="20240111 11:47:30.292" endtime="20240111 11:47:30.293"/>
</kw>
<kw name="Read Excel Cell" library="ExcelLibrary">
<var>${data}</var>
<arg>${rownum}</arg>
<arg>${colnum}</arg>
<arg>${sheet_name}</arg>
<doc>Returns content of a cell.</doc>
<msg timestamp="20240111 11:47:30.293" level="INFO">${data} = qeadmin</msg>
<status status="PASS" starttime="20240111 11:47:30.293" endtime="20240111 11:47:30.293"/>
</kw>
<kw name="Close Current Excel Document" library="ExcelLibrary">
<doc>Closes current document.</doc>
<status status="PASS" starttime="20240111 11:47:30.293" endtime="20240111 11:47:30.293"/>
</kw>
<msg timestamp="20240111 11:47:30.293" level="INFO">${UserName} = qeadmin</msg>
<status status="PASS" starttime="20240111 11:47:30.276" endtime="20240111 11:47:30.293"/>
</kw>
<kw name="Read_Data_From_Excel_File" library="Read_data_from_excel_file">
<var>${Password}</var>
<arg>User_Dashboard.xlsx</arg>
<arg>Arc_GIS</arg>
<arg>6</arg>
<arg>2</arg>
<kw name="Replace String" library="String">
<var>${file_path}</var>
<arg>${file_path1}</arg>
<arg>filename</arg>
<arg>${filename}</arg>
<doc>Replaces ``search_for`` in the given ``string`` with ``replace_with``.</doc>
<msg timestamp="20240111 11:47:30.294" level="INFO">${file_path} = C:\Users\10712370\PycharmProjects\pythonProject\BPxPoc\Utilities\..\TestData\User_Dashboard.xlsx</msg>
<status status="PASS" starttime="20240111 11:47:30.294" endtime="20240111 11:47:30.294"/>
</kw>
<kw name="Open Excel Document" library="ExcelLibrary">
<arg>${file_path}</arg>
<arg>doc_id=docid</arg>
<doc>Opens xlsx document file.</doc>
<status status="PASS" starttime="20240111 11:47:30.294" endtime="20240111 11:47:30.310"/>
</kw>
<kw name="Get List Sheet Names" library="ExcelLibrary">
<var>${sheets}</var>
<doc>Returns a list of sheet names in the current document.</doc>
<msg timestamp="20240111 11:47:30.310" level="INFO">${sheets} = ['Portal', 'OneMapRouting', 'Arc_GIS', 'Master']</msg>
<status status="PASS" starttime="20240111 11:47:30.310" endtime="20240111 11:47:30.310"/>
</kw>
<kw name="Read Excel Cell" library="ExcelLibrary">
<var>${data}</var>
<arg>${rownum}</arg>
<arg>${colnum}</arg>
<arg>${sheet_name}</arg>
<doc>Returns content of a cell.</doc>
<msg timestamp="20240111 11:47:30.311" level="INFO">${data} = Welcome2BPX!</msg>
<status status="PASS" starttime="20240111 11:47:30.310" endtime="20240111 11:47:30.311"/>
</kw>
<kw name="Close Current Excel Document" library="ExcelLibrary">
<doc>Closes current document.</doc>
<status status="PASS" starttime="20240111 11:47:30.311" endtime="20240111 11:47:30.311"/>
</kw>
<msg timestamp="20240111 11:47:30.311" level="INFO">${Password} = Welcome2BPX!</msg>
<status status="PASS" starttime="20240111 11:47:30.293" endtime="20240111 11:47:30.311"/>
</kw>
<kw name="Read_Data_From_Excel_File" library="Read_data_from_excel_file">
<var>${Business_Unit_Input}</var>
<arg>User_Dashboard.xlsx</arg>
<arg>Arc_GIS</arg>
<arg>7</arg>
<arg>2</arg>
<kw name="Replace String" library="String">
<var>${file_path}</var>
<arg>${file_path1}</arg>
<arg>filename</arg>
<arg>${filename}</arg>
<doc>Replaces ``search_for`` in the given ``string`` with ``replace_with``.</doc>
<msg timestamp="20240111 11:47:30.311" level="INFO">${file_path} = C:\Users\10712370\PycharmProjects\pythonProject\BPxPoc\Utilities\..\TestData\User_Dashboard.xlsx</msg>
<status status="PASS" starttime="20240111 11:47:30.311" endtime="20240111 11:47:30.311"/>
</kw>
<kw name="Open Excel Document" library="ExcelLibrary">
<arg>${file_path}</arg>
<arg>doc_id=docid</arg>
<doc>Opens xlsx document file.</doc>
<status status="PASS" starttime="20240111 11:47:30.312" endtime="20240111 11:47:30.325"/>
</kw>
<kw name="Get List Sheet Names" library="ExcelLibrary">
<var>${sheets}</var>
<doc>Returns a list of sheet names in the current document.</doc>
<msg timestamp="20240111 11:47:30.327" level="INFO">${sheets} = ['Portal', 'OneMapRouting', 'Arc_GIS', 'Master']</msg>
<status status="PASS" starttime="20240111 11:47:30.325" endtime="20240111 11:47:30.327"/>
</kw>
<kw name="Read Excel Cell" library="ExcelLibrary">
<var>${data}</var>
<arg>${rownum}</arg>
<arg>${colnum}</arg>
<arg>${sheet_name}</arg>
<doc>Returns content of a cell.</doc>
<msg timestamp="20240111 11:47:30.327" level="INFO">${data} = Permian</msg>
<status status="PASS" starttime="20240111 11:47:30.327" endtime="20240111 11:47:30.327"/>
</kw>
<kw name="Close Current Excel Document" library="ExcelLibrary">
<doc>Closes current document.</doc>
<status status="PASS" starttime="20240111 11:47:30.327" endtime="20240111 11:47:30.327"/>
</kw>
<msg timestamp="20240111 11:47:30.327" level="INFO">${Business_Unit_Input} = Permian</msg>
<status status="PASS" starttime="20240111 11:47:30.311" endtime="20240111 11:47:30.327"/>
</kw>
<kw name="Read_Data_From_Excel_File" library="Read_data_from_excel_file">
<var>${Facility_Input}</var>
<arg>User_Dashboard.xlsx</arg>
<arg>Arc_GIS</arg>
<arg>8</arg>
<arg>2</arg>
<kw name="Replace String" library="String">
<var>${file_path}</var>
<arg>${file_path1}</arg>
<arg>filename</arg>
<arg>${filename}</arg>
<doc>Replaces ``search_for`` in the given ``string`` with ``replace_with``.</doc>
<msg timestamp="20240111 11:47:30.328" level="INFO">${file_path} = C:\Users\10712370\PycharmProjects\pythonProject\BPxPoc\Utilities\..\TestData\User_Dashboard.xlsx</msg>
<status status="PASS" starttime="20240111 11:47:30.328" endtime="20240111 11:47:30.328"/>
</kw>
<kw name="Open Excel Document" library="ExcelLibrary">
<arg>${file_path}</arg>
<arg>doc_id=docid</arg>
<doc>Opens xlsx document file.</doc>
<status status="PASS" starttime="20240111 11:47:30.328" endtime="20240111 11:47:30.342"/>
</kw>
<kw name="Get List Sheet Names" library="ExcelLibrary">
<var>${sheets}</var>
<doc>Returns a list of sheet names in the current document.</doc>
<msg timestamp="20240111 11:47:30.343" level="INFO">${sheets} = ['Portal', 'OneMapRouting', 'Arc_GIS', 'Master']</msg>
<status status="PASS" starttime="20240111 11:47:30.342" endtime="20240111 11:47:30.343"/>
</kw>
<kw name="Read Excel Cell" library="ExcelLibrary">
<var>${data}</var>
<arg>${rownum}</arg>
<arg>${colnum}</arg>
<arg>${sheet_name}</arg>
<doc>Returns content of a cell.</doc>
<msg timestamp="20240111 11:47:30.343" level="INFO">${data} = GRAND SLAM CDP</msg>
<status status="PASS" starttime="20240111 11:47:30.343" endtime="20240111 11:47:30.343"/>
</kw>
<kw name="Close Current Excel Document" library="ExcelLibrary">
<doc>Closes current document.</doc>
<status status="PASS" starttime="20240111 11:47:30.343" endtime="20240111 11:47:30.343"/>
</kw>
<msg timestamp="20240111 11:47:30.343" level="INFO">${Facility_Input} = GRAND SLAM CDP</msg>
<status status="PASS" starttime="20240111 11:47:30.327" endtime="20240111 11:47:30.343"/>
</kw>
<kw name="Read_Data_From_Excel_File" library="Read_data_from_excel_file">
<var>${Gateway_input}</var>
<arg>User_Dashboard.xlsx</arg>
<arg>Arc_GIS</arg>
<arg>9</arg>
<arg>2</arg>
<kw name="Replace String" library="String">
<var>${file_path}</var>
<arg>${file_path1}</arg>
<arg>filename</arg>
<arg>${filename}</arg>
<doc>Replaces ``search_for`` in the given ``string`` with ``replace_with``.</doc>
<msg timestamp="20240111 11:47:30.345" level="INFO">${file_path} = C:\Users\10712370\PycharmProjects\pythonProject\BPxPoc\Utilities\..\TestData\User_Dashboard.xlsx</msg>
<status status="PASS" starttime="20240111 11:47:30.343" endtime="20240111 11:47:30.345"/>
</kw>
<kw name="Open Excel Document" library="ExcelLibrary">
<arg>${file_path}</arg>
<arg>doc_id=docid</arg>
<doc>Opens xlsx document file.</doc>
<status status="PASS" starttime="20240111 11:47:30.345" endtime="20240111 11:47:30.358"/>
</kw>
<kw name="Get List Sheet Names" library="ExcelLibrary">
<var>${sheets}</var>
<doc>Returns a list of sheet names in the current document.</doc>
<msg timestamp="20240111 11:47:30.358" level="INFO">${sheets} = ['Portal', 'OneMapRouting', 'Arc_GIS', 'Master']</msg>
<status status="PASS" starttime="20240111 11:47:30.358" endtime="20240111 11:47:30.358"/>
</kw>
<kw name="Read Excel Cell" library="ExcelLibrary">
<var>${data}</var>
<arg>${rownum}</arg>
<arg>${colnum}</arg>
<arg>${sheet_name}</arg>
<doc>Returns content of a cell.</doc>
<msg timestamp="20240111 11:47:30.359" level="INFO">${data} = ngw-perm-ms-001</msg>
<status status="PASS" starttime="20240111 11:47:30.358" endtime="20240111 11:47:30.359"/>
</kw>
<kw name="Close Current Excel Document" library="ExcelLibrary">
<doc>Closes current document.</doc>
<status status="PASS" starttime="20240111 11:47:30.359" endtime="20240111 11:47:30.359"/>
</kw>
<msg timestamp="20240111 11:47:30.359" level="INFO">${Gateway_input} = ngw-perm-ms-001</msg>
<status status="PASS" starttime="20240111 11:47:30.343" endtime="20240111 11:47:30.359"/>
</kw>
<kw name="Read_Data_From_Excel_File" library="Read_data_from_excel_file">
<var>${Device_Input}</var>
<arg>User_Dashboard.xlsx</arg>
<arg>Arc_GIS</arg>
<arg>10</arg>
<arg>2</arg>
<kw name="Replace String" library="String">
<var>${file_path}</var>
<arg>${file_path1}</arg>
<arg>filename</arg>
<arg>${filename}</arg>
<doc>Replaces ``search_for`` in the given ``string`` with ``replace_with``.</doc>
<msg timestamp="20240111 11:47:30.360" level="INFO">${file_path} = C:\Users\10712370\PycharmProjects\pythonProject\BPxPoc\Utilities\..\TestData\User_Dashboard.xlsx</msg>
<status status="PASS" starttime="20240111 11:47:30.359" endtime="20240111 11:47:30.360"/>
</kw>
<kw name="Open Excel Document" library="ExcelLibrary">
<arg>${file_path}</arg>
<arg>doc_id=docid</arg>
<doc>Opens xlsx document file.</doc>
<status status="PASS" starttime="20240111 11:47:30.360" endtime="20240111 11:47:30.376"/>
</kw>
<kw name="Get List Sheet Names" library="ExcelLibrary">
<var>${sheets}</var>
<doc>Returns a list of sheet names in the current document.</doc>
<msg timestamp="20240111 11:47:30.376" level="INFO">${sheets} = ['Portal', 'OneMapRouting', 'Arc_GIS', 'Master']</msg>
<status status="PASS" starttime="20240111 11:47:30.376" endtime="20240111 11:47:30.376"/>
</kw>
<kw name="Read Excel Cell" library="ExcelLibrary">
<var>${data}</var>
<arg>${rownum}</arg>
<arg>${colnum}</arg>
<arg>${sheet_name}</arg>
<doc>Returns content of a cell.</doc>
<msg timestamp="20240111 11:47:30.376" level="INFO">${data} = None</msg>
<status status="PASS" starttime="20240111 11:47:30.376" endtime="20240111 11:47:30.376"/>
</kw>
<kw name="Close Current Excel Document" library="ExcelLibrary">
<doc>Closes current document.</doc>
<status status="PASS" starttime="20240111 11:47:30.376" endtime="20240111 11:47:30.377"/>
</kw>
<msg timestamp="20240111 11:47:30.377" level="INFO">${Device_Input} = None</msg>
<status status="PASS" starttime="20240111 11:47:30.359" endtime="20240111 11:47:30.377"/>
</kw>
<kw name="Set Global Variable" library="BuiltIn">
<arg>${BROWSER}</arg>
<doc>Makes a variable available globally in all tests and suites.</doc>
<msg timestamp="20240111 11:47:30.377" level="INFO">${BROWSER} = Chrome</msg>
<status status="PASS" starttime="20240111 11:47:30.377" endtime="20240111 11:47:30.377"/>
</kw>
<kw name="Set Global Variable" library="BuiltIn">
<arg>${GIS_URL}</arg>
<doc>Makes a variable available globally in all tests and suites.</doc>
<msg timestamp="20240111 11:47:30.377" level="INFO">${GIS_URL} = https://onemap.bpx.com/portal/apps/dashboards/8eead05d24e04e2ca5b1212e2bbab3b6</msg>
<status status="PASS" starttime="20240111 11:47:30.377" endtime="20240111 11:47:30.377"/>
</kw>
<kw name="Set Global Variable" library="BuiltIn">
<arg>${GPS_URL}</arg>
<doc>Makes a variable available globally in all tests and suites.</doc>
<msg timestamp="20240111 11:47:30.378" level="INFO">${GPS_URL} = https://onemap.bpx.com/portal/apps/webappviewer/index.html?id=9226c6c1d0c844cfa5ae0a0cc8908ddc</msg>
<status status="PASS" starttime="20240111 11:47:30.377" endtime="20240111 11:47:30.378"/>
</kw>
<kw name="Set Global Variable" library="BuiltIn">
<arg>${UserName}</arg>
<doc>Makes a variable available globally in all tests and suites.</doc>
<msg timestamp="20240111 11:47:30.378" level="INFO">${UserName} = qeadmin</msg>
<status status="PASS" starttime="20240111 11:47:30.378" endtime="20240111 11:47:30.378"/>
</kw>
<kw name="Set Global Variable" library="BuiltIn">
<arg>${Password}</arg>
<doc>Makes a variable available globally in all tests and suites.</doc>
<msg timestamp="20240111 11:47:30.378" level="INFO">${Password} = Welcome2BPX!</msg>
<status status="PASS" starttime="20240111 11:47:30.378" endtime="20240111 11:47:30.378"/>
</kw>
<kw name="Set Global Variable" library="BuiltIn">
<arg>${Business_Unit_Input}</arg>
<doc>Makes a variable available globally in all tests and suites.</doc>
<msg timestamp="20240111 11:47:30.379" level="INFO">${Business_Unit_Input} = Permian</msg>
<status status="PASS" starttime="20240111 11:47:30.378" endtime="20240111 11:47:30.379"/>
</kw>
<kw name="Set Global Variable" library="BuiltIn">
<arg>${Facility_Input}</arg>
<doc>Makes a variable available globally in all tests and suites.</doc>
<msg timestamp="20240111 11:47:30.379" level="INFO">${Facility_Input} = GRAND SLAM CDP</msg>
<status status="PASS" starttime="20240111 11:47:30.379" endtime="20240111 11:47:30.379"/>
</kw>
<kw name="Set Global Variable" library="BuiltIn">
<arg>${Gateway_input}</arg>
<doc>Makes a variable available globally in all tests and suites.</doc>
<msg timestamp="20240111 11:47:30.379" level="INFO">${Gateway_input} = ngw-perm-ms-001</msg>
<status status="PASS" starttime="20240111 11:47:30.379" endtime="20240111 11:47:30.379"/>
</kw>
<kw name="Set Global Variable" library="BuiltIn">
<arg>${Device_Input}</arg>
<doc>Makes a variable available globally in all tests and suites.</doc>
<msg timestamp="20240111 11:47:30.379" level="INFO">${Device_Input} = None</msg>
<status status="PASS" starttime="20240111 11:47:30.379" endtime="20240111 11:47:30.379"/>
</kw>
<status status="PASS" starttime="20240111 11:47:30.189" endtime="20240111 11:47:30.379"/>
</kw>
<kw name="Open Browser" library="SeleniumLibrary">
<arg>${GIS_URL}</arg>
<arg>chrome</arg>
<arg>options=add_argument("--incognito");add_experimental_option("detach", True)</arg>
<doc>Opens a new browser instance to the optional ``url``.</doc>
<msg timestamp="20240111 11:47:30.380" level="INFO">Opening browser 'chrome' to base url 'https://onemap.bpx.com/portal/apps/dashboards/8eead05d24e04e2ca5b1212e2bbab3b6'.</msg>
<status status="PASS" starttime="20240111 11:47:30.380" endtime="20240111 11:47:44.442"/>
</kw>
<kw name="Maximize Browser Window" library="SeleniumLibrary">
<doc>Maximizes current browser window.</doc>
<status status="PASS" starttime="20240111 11:47:44.442" endtime="20240111 11:47:44.574"/>
</kw>
<kw name="Wait Until Element Is Visible" library="SeleniumLibrary">
<arg>${ArcGIS_Login_Title}</arg>
<doc>Waits until the element ``locator`` is visible.</doc>
<status status="PASS" starttime="20240111 11:47:44.575" endtime="20240111 11:47:47.733"/>
</kw>
<kw name="Click Element" library="SeleniumLibrary">
<arg>xpath=//*[@id="loginTitle"]</arg>
<doc>Click the element identified by ``locator``.</doc>
<msg timestamp="20240111 11:47:47.733" level="INFO">Clicking element 'xpath=//*[@id="loginTitle"]'.</msg>
<status status="PASS" starttime="20240111 11:47:47.733" endtime="20240111 11:47:47.830"/>
</kw>
<kw name="Wait Until Element Is Visible" library="SeleniumLibrary">
<arg>${Login_page_username}</arg>
<doc>Waits until the element ``locator`` is visible.</doc>
<status status="PASS" starttime="20240111 11:47:47.830" endtime="20240111 11:47:47.874"/>
</kw>
<kw name="Wait Until Element Is Visible" library="SeleniumLibrary">
<arg>${Login_page_password}</arg>
<doc>Waits until the element ``locator`` is visible.</doc>
<status status="PASS" starttime="20240111 11:47:47.875" endtime="20240111 11:47:47.912"/>
</kw>
<kw name="Input Text" library="SeleniumLibrary">
<arg>${Login_page_username}</arg>
<arg>${UserName}</arg>
<doc>Types the given ``text`` into the text field identified by ``locator``.</doc>
<msg timestamp="20240111 11:47:47.914" level="INFO">Typing text 'qeadmin' into text field 'id=user_username'.</msg>
<status status="PASS" starttime="20240111 11:47:47.912" endtime="20240111 11:47:48.091"/>
</kw>
<kw name="Input Text" library="SeleniumLibrary">
<arg>${Login_page_password}</arg>
<arg>${Password}</arg>
<doc>Types the given ``text`` into the text field identified by ``locator``.</doc>
<msg timestamp="20240111 11:47:48.093" level="INFO">Typing text 'Welcome2BPX!' into text field 'id=user_password'.</msg>
<status status="PASS" starttime="20240111 11:47:48.091" endtime="20240111 11:47:48.313"/>
</kw>
<kw name="Click Element" library="SeleniumLibrary">
<arg>${Login_page_signIn_btn}</arg>
<doc>Click the element identified by ``locator``.</doc>
<msg timestamp="20240111 11:47:48.315" level="INFO">Clicking element 'id=signIn'.</msg>
<status status="PASS" starttime="20240111 11:47:48.313" endtime="20240111 11:47:54.374"/>
</kw>
<kw name="Wait For Condition" library="SeleniumLibrary">
<arg>return document.readyState == "complete"</arg>
<doc>Waits until ``condition`` is true or ``timeout`` expires.</doc>
<status status="PASS" starttime="20240111 11:47:54.374" endtime="20240111 11:47:54.384"/>
</kw>
<status status="PASS" starttime="20240111 11:47:30.189" endtime="20240111 11:47:54.385"/>
</kw>
<kw name="Business_Unit_Selection" library="ArcGIS_Constants">
<kw name="ARCGIS_Variables_Read_from_Excel" library="ArcGIS_Constants">
<doc>This Function used to get cell value from Excel file</doc>
<kw name="Read_Data_From_Excel_File" library="Read_data_from_excel_file">
<var>${BROWSER}</var>
<arg>User_Dashboard.xlsx</arg>
<arg>Arc_GIS</arg>
<arg>2</arg>
<arg>2</arg>
<kw name="Replace String" library="String">
<var>${file_path}</var>
<arg>${file_path1}</arg>
<arg>filename</arg>
<arg>${filename}</arg>
<doc>Replaces ``search_for`` in the given ``string`` with ``replace_with``.</doc>
<msg timestamp="20240111 11:47:54.388" level="INFO">${file_path} = C:\Users\10712370\PycharmProjects\pythonProject\BPxPoc\Utilities\..\TestData\User_Dashboard.xlsx</msg>
<status status="PASS" starttime="20240111 11:47:54.387" endtime="20240111 11:47:54.388"/>
</kw>
<kw name="Open Excel Document" library="ExcelLibrary">
<arg>${file_path}</arg>
<arg>doc_id=docid</arg>
<doc>Opens xlsx document file.</doc>
<status status="PASS" starttime="20240111 11:47:54.388" endtime="20240111 11:47:54.417"/>
</kw>
<kw name="Get List Sheet Names" library="ExcelLibrary">
<var>${sheets}</var>
<doc>Returns a list of sheet names in the current document.</doc>
<msg timestamp="20240111 11:47:54.417" level="INFO">${sheets} = ['Portal', 'OneMapRouting', 'Arc_GIS', 'Master']</msg>
<status status="PASS" starttime="20240111 11:47:54.417" endtime="20240111 11:47:54.417"/>
</kw>
<kw name="Read Excel Cell" library="ExcelLibrary">
<var>${data}</var>
<arg>${rownum}</arg>
<arg>${colnum}</arg>
<arg>${sheet_name}</arg>
<doc>Returns content of a cell.</doc>
<msg timestamp="20240111 11:47:54.419" level="INFO">${data} = Chrome</msg>
<status status="PASS" starttime="20240111 11:47:54.418" endtime="20240111 11:47:54.419"/>
</kw>
<kw name="Close Current Excel Document" library="ExcelLibrary">
<doc>Closes current document.</doc>
<status status="PASS" starttime="20240111 11:47:54.419" endtime="20240111 11:47:54.419"/>
</kw>
<msg timestamp="20240111 11:47:54.419" level="INFO">${BROWSER} = Chrome</msg>
<status status="PASS" starttime="20240111 11:47:54.387" endtime="20240111 11:47:54.419"/>
</kw>
<kw name="Read_Data_From_Excel_File" library="Read_data_from_excel_file">
<var>${GIS_URL}</var>
<arg>User_Dashboard.xlsx</arg>
<arg>Arc_GIS</arg>
<arg>3</arg>
<arg>2</arg>
<kw name="Replace String" library="String">
<var>${file_path}</var>
<arg>${file_path1}</arg>
<arg>filename</arg>
<arg>${filename}</arg>
<doc>Replaces ``search_for`` in the given ``string`` with ``replace_with``.</doc>
<msg timestamp="20240111 11:47:54.421" level="INFO">${file_path} = C:\Users\10712370\PycharmProjects\pythonProject\BPxPoc\Utilities\..\TestData\User_Dashboard.xlsx</msg>
<status status="PASS" starttime="20240111 11:47:54.421" endtime="20240111 11:47:54.421"/>
</kw>
<kw name="Open Excel Document" library="ExcelLibrary">
<arg>${file_path}</arg>
<arg>doc_id=docid</arg>
<doc>Opens xlsx document file.</doc>
<status status="PASS" starttime="20240111 11:47:54.422" endtime="20240111 11:47:54.458"/>
</kw>
<kw name="Get List Sheet Names" library="ExcelLibrary">
<var>${sheets}</var>
<doc>Returns a list of sheet names in the current document.</doc>
<msg timestamp="20240111 11:47:54.459" level="INFO">${sheets} = ['Portal', 'OneMapRouting', 'Arc_GIS', 'Master']</msg>
<status status="PASS" starttime="20240111 11:47:54.459" endtime="20240111 11:47:54.459"/>
</kw>
<kw name="Read Excel Cell" library="ExcelLibrary">
<var>${data}</var>
<arg>${rownum}</arg>
<arg>${colnum}</arg>
<arg>${sheet_name}</arg>
<doc>Returns content of a cell.</doc>
<msg timestamp="20240111 11:47:54.460" level="INFO">${data} = https://onemap.bpx.com/portal/apps/dashboards/8eead05d24e04e2ca5b1212e2bbab3b6</msg>
<status status="PASS" starttime="20240111 11:47:54.459" endtime="20240111 11:47:54.460"/>
</kw>
<kw name="Close Current Excel Document" library="ExcelLibrary">
<doc>Closes current document.</doc>
<status status="PASS" starttime="20240111 11:47:54.460" endtime="20240111 11:47:54.461"/>
</kw>
<msg timestamp="20240111 11:47:54.461" level="INFO">${GIS_URL} = https://onemap.bpx.com/portal/apps/dashboards/8eead05d24e04e2ca5b1212e2bbab3b6</msg>
<status status="PASS" starttime="20240111 11:47:54.419" endtime="20240111 11:47:54.461"/>
</kw>
<kw name="Read_Data_From_Excel_File" library="Read_data_from_excel_file">
<var>${GPS_URL}</var>
<arg>User_Dashboard.xlsx</arg>
<arg>Arc_GIS</arg>
<arg>4</arg>
<arg>2</arg>
<kw name="Replace String" library="String">
<var>${file_path}</var>
<arg>${file_path1}</arg>
<arg>filename</arg>
<arg>${filename}</arg>
<doc>Replaces ``search_for`` in the given ``string`` with ``replace_with``.</doc>
<msg timestamp="20240111 11:47:54.463" level="INFO">${file_path} = C:\Users\10712370\PycharmProjects\pythonProject\BPxPoc\Utilities\..\TestData\User_Dashboard.xlsx</msg>
<status status="PASS" starttime="20240111 11:47:54.462" endtime="20240111 11:47:54.463"/>
</kw>
<kw name="Open Excel Document" library="ExcelLibrary">
<arg>${file_path}</arg>
<arg>doc_id=docid</arg>
<doc>Opens xlsx document file.</doc>
<status status="PASS" starttime="20240111 11:47:54.463" endtime="20240111 11:47:54.487"/>
</kw>
<kw name="Get List Sheet Names" library="ExcelLibrary">
<var>${sheets}</var>
<doc>Returns a list of sheet names in the current document.</doc>
<msg timestamp="20240111 11:47:54.487" level="INFO">${sheets} = ['Portal', 'OneMapRouting', 'Arc_GIS', 'Master']</msg>
<status status="PASS" starttime="20240111 11:47:54.487" endtime="20240111 11:47:54.487"/>
</kw>
<kw name="Read Excel Cell" library="ExcelLibrary">
<var>${data}</var>
<arg>${rownum}</arg>
<arg>${colnum}</arg>
<arg>${sheet_name}</arg>
<doc>Returns content of a cell.</doc>
<msg timestamp="20240111 11:47:54.487" level="INFO">${data} = https://onemap.bpx.com/portal/apps/webappviewer/index.html?id=9226c6c1d0c844cfa5ae0a0cc8908ddc</msg>
<status status="PASS" starttime="20240111 11:47:54.487" endtime="20240111 11:47:54.487"/>
</kw>
<kw name="Close Current Excel Document" library="ExcelLibrary">
<doc>Closes current document.</doc>
<status status="PASS" starttime="20240111 11:47:54.487" endtime="20240111 11:47:54.487"/>
</kw>
<msg timestamp="20240111 11:47:54.487" level="INFO">${GPS_URL} = https://onemap.bpx.com/portal/apps/webappviewer/index.html?id=9226c6c1d0c844cfa5ae0a0cc8908ddc</msg>
<status status="PASS" starttime="20240111 11:47:54.461" endtime="20240111 11:47:54.487"/>
</kw>
<kw name="Read_Data_From_Excel_File" library="Read_data_from_excel_file">
<var>${UserName}</var>
<arg>User_Dashboard.xlsx</arg>
<arg>Arc_GIS</arg>
<arg>5</arg>
<arg>2</arg>
<kw name="Replace String" library="String">
<var>${file_path}</var>
<arg>${file_path1}</arg>
<arg>filename</arg>
<arg>${filename}</arg>
<doc>Replaces ``search_for`` in the given ``string`` with ``replace_with``.</doc>
<msg timestamp="20240111 11:47:54.487" level="INFO">${file_path} = C:\Users\10712370\PycharmProjects\pythonProject\BPxPoc\Utilities\..\TestData\User_Dashboard.xlsx</msg>
<status status="PASS" starttime="20240111 11:47:54.487" endtime="20240111 11:47:54.487"/>
</kw>
<kw name="Open Excel Document" library="ExcelLibrary">
<arg>${file_path}</arg>
<arg>doc_id=docid</arg>
<doc>Opens xlsx document file.</doc>
<status status="PASS" starttime="20240111 11:47:54.487" endtime="20240111 11:47:54.522"/>
</kw>
<kw name="Get List Sheet Names" library="ExcelLibrary">
<var>${sheets}</var>
<doc>Returns a list of sheet names in the current document.</doc>
<msg timestamp="20240111 11:47:54.527" level="INFO">${sheets} = ['Portal', 'OneMapRouting', 'Arc_GIS', 'Master']</msg>
<status status="PASS" starttime="20240111 11:47:54.527" endtime="20240111 11:47:54.527"/>
</kw>
<kw name="Read Excel Cell" library="ExcelLibrary">
<var>${data}</var>
<arg>${rownum}</arg>
<arg>${colnum}</arg>
<arg>${sheet_name}</arg>
<doc>Returns content of a cell.</doc>
<msg timestamp="20240111 11:47:54.527" level="INFO">${data} = qeadmin</msg>
<status status="PASS" starttime="20240111 11:47:54.527" endtime="20240111 11:47:54.527"/>
</kw>
<kw name="Close Current Excel Document" library="ExcelLibrary">
<doc>Closes current document.</doc>
<status status="PASS" starttime="20240111 11:47:54.527" endtime="20240111 11:47:54.527"/>
</kw>
<msg timestamp="20240111 11:47:54.527" level="INFO">${UserName} = qeadmin</msg>
<status status="PASS" starttime="20240111 11:47:54.487" endtime="20240111 11:47:54.527"/>
</kw>
<kw name="Read_Data_From_Excel_File" library="Read_data_from_excel_file">
<var>${Password}</var>
<arg>User_Dashboard.xlsx</arg>
<arg>Arc_GIS</arg>
<arg>6</arg>
<arg>2</arg>
<kw name="Replace String" library="String">
<var>${file_path}</var>
<arg>${file_path1}</arg>
<arg>filename</arg>
<arg>${filename}</arg>
<doc>Replaces ``search_for`` in the given ``string`` with ``replace_with``.</doc>
<msg timestamp="20240111 11:47:54.527" level="INFO">${file_path} = C:\Users\10712370\PycharmProjects\pythonProject\BPxPoc\Utilities\..\TestData\User_Dashboard.xlsx</msg>
<status status="PASS" starttime="20240111 11:47:54.527" endtime="20240111 11:47:54.527"/>
</kw>
<kw name="Open Excel Document" library="ExcelLibrary">
<arg>${file_path}</arg>
<arg>doc_id=docid</arg>
<doc>Opens xlsx document file.</doc>
<status status="PASS" starttime="20240111 11:47:54.527" endtime="20240111 11:47:54.555"/>
</kw>
<kw name="Get List Sheet Names" library="ExcelLibrary">
<var>${sheets}</var>
<doc>Returns a list of sheet names in the current document.</doc>
<msg timestamp="20240111 11:47:54.555" level="INFO">${sheets} = ['Portal', 'OneMapRouting', 'Arc_GIS', 'Master']</msg>
<status status="PASS" starttime="20240111 11:47:54.555" endtime="20240111 11:47:54.555"/>
</kw>
<kw name="Read Excel Cell" library="ExcelLibrary">
<var>${data}</var>
<arg>${rownum}</arg>
<arg>${colnum}</arg>
<arg>${sheet_name}</arg>
<doc>Returns content of a cell.</doc>
<msg timestamp="20240111 11:47:54.555" level="INFO">${data} = Welcome2BPX!</msg>
<status status="PASS" starttime="20240111 11:47:54.555" endtime="20240111 11:47:54.555"/>
</kw>
<kw name="Close Current Excel Document" library="ExcelLibrary">
<doc>Closes current document.</doc>
<status status="PASS" starttime="20240111 11:47:54.555" endtime="20240111 11:47:54.555"/>
</kw>
<msg timestamp="20240111 11:47:54.555" level="INFO">${Password} = Welcome2BPX!</msg>
<status status="PASS" starttime="20240111 11:47:54.527" endtime="20240111 11:47:54.555"/>
</kw>
<kw name="Read_Data_From_Excel_File" library="Read_data_from_excel_file">
<var>${Business_Unit_Input}</var>
<arg>User_Dashboard.xlsx</arg>
<arg>Arc_GIS</arg>
<arg>7</arg>
<arg>2</arg>
<kw name="Replace String" library="String">
<var>${file_path}</var>
<arg>${file_path1}</arg>
<arg>filename</arg>
<arg>${filename}</arg>
<doc>Replaces ``search_for`` in the given ``string`` with ``replace_with``.</doc>
<msg timestamp="20240111 11:47:54.555" level="INFO">${file_path} = C:\Users\10712370\PycharmProjects\pythonProject\BPxPoc\Utilities\..\TestData\User_Dashboard.xlsx</msg>
<status status="PASS" starttime="20240111 11:47:54.555" endtime="20240111 11:47:54.555"/>
</kw>
<kw name="Open Excel Document" library="ExcelLibrary">
<arg>${file_path}</arg>
<arg>doc_id=docid</arg>
<doc>Opens xlsx document file.</doc>
<status status="PASS" starttime="20240111 11:47:54.555" endtime="20240111 11:47:54.594"/>
</kw>
<kw name="Get List Sheet Names" library="ExcelLibrary">
<var>${sheets}</var>
<doc>Returns a list of sheet names in the current document.</doc>
<msg timestamp="20240111 11:47:54.594" level="INFO">${sheets} = ['Portal', 'OneMapRouting', 'Arc_GIS', 'Master']</msg>
<status status="PASS" starttime="20240111 11:47:54.594" endtime="20240111 11:47:54.594"/>
</kw>
<kw name="Read Excel Cell" library="ExcelLibrary">
<var>${data}</var>
<arg>${rownum}</arg>
<arg>${colnum}</arg>
<arg>${sheet_name}</arg>
<doc>Returns content of a cell.</doc>
<msg timestamp="20240111 11:47:54.596" level="INFO">${data} = Permian</msg>
<status status="PASS" starttime="20240111 11:47:54.594" endtime="20240111 11:47:54.596"/>
</kw>
<kw name="Close Current Excel Document" library="ExcelLibrary">
<doc>Closes current document.</doc>
<status status="PASS" starttime="20240111 11:47:54.596" endtime="20240111 11:47:54.596"/>
</kw>
<msg timestamp="20240111 11:47:54.596" level="INFO">${Business_Unit_Input} = Permian</msg>
<status status="PASS" starttime="20240111 11:47:54.555" endtime="20240111 11:47:54.596"/>
</kw>
<kw name="Read_Data_From_Excel_File" library="Read_data_from_excel_file">
<var>${Facility_Input}</var>
<arg>User_Dashboard.xlsx</arg>
<arg>Arc_GIS</arg>
<arg>8</arg>
<arg>2</arg>
<kw name="Replace String" library="String">
<var>${file_path}</var>
<arg>${file_path1}</arg>
<arg>filename</arg>
<arg>${filename}</arg>
<doc>Replaces ``search_for`` in the given ``string`` with ``replace_with``.</doc>
<msg timestamp="20240111 11:47:54.598" level="INFO">${file_path} = C:\Users\10712370\PycharmProjects\pythonProject\BPxPoc\Utilities\..\TestData\User_Dashboard.xlsx</msg>
<status status="PASS" starttime="20240111 11:47:54.598" endtime="20240111 11:47:54.598"/>
</kw>
<kw name="Open Excel Document" library="ExcelLibrary">
<arg>${file_path}</arg>
<arg>doc_id=docid</arg>
<doc>Opens xlsx document file.</doc>
<status status="PASS" starttime="20240111 11:47:54.598" endtime="20240111 11:47:54.632"/>
</kw>
<kw name="Get List Sheet Names" library="ExcelLibrary">
<var>${sheets}</var>
<doc>Returns a list of sheet names in the current document.</doc>
<msg timestamp="20240111 11:47:54.632" level="INFO">${sheets} = ['Portal', 'OneMapRouting', 'Arc_GIS', 'Master']</msg>
<status status="PASS" starttime="20240111 11:47:54.632" endtime="20240111 11:47:54.632"/>
</kw>
<kw name="Read Excel Cell" library="ExcelLibrary">
<var>${data}</var>
<arg>${rownum}</arg>
<arg>${colnum}</arg>
<arg>${sheet_name}</arg>
<doc>Returns content of a cell.</doc>
<msg timestamp="20240111 11:47:54.633" level="INFO">${data} = GRAND SLAM CDP</msg>
<status status="PASS" starttime="20240111 11:47:54.632" endtime="20240111 11:47:54.633"/>
</kw>
<kw name="Close Current Excel Document" library="ExcelLibrary">
<doc>Closes current document.</doc>
<status status="PASS" starttime="20240111 11:47:54.633" endtime="20240111 11:47:54.634"/>
</kw>
<msg timestamp="20240111 11:47:54.634" level="INFO">${Facility_Input} = GRAND SLAM CDP</msg>
<status status="PASS" starttime="20240111 11:47:54.596" endtime="20240111 11:47:54.634"/>
</kw>
<kw name="Read_Data_From_Excel_File" library="Read_data_from_excel_file">
<var>${Gateway_input}</var>
<arg>User_Dashboard.xlsx</arg>
<arg>Arc_GIS</arg>
<arg>9</arg>
<arg>2</arg>
<kw name="Replace String" library="String">
<var>${file_path}</var>
<arg>${file_path1}</arg>
<arg>filename</arg>
<arg>${filename}</arg>
<doc>Replaces ``search_for`` in the given ``string`` with ``replace_with``.</doc>
<msg timestamp="20240111 11:47:54.634" level="INFO">${file_path} = C:\Users\10712370\PycharmProjects\pythonProject\BPxPoc\Utilities\..\TestData\User_Dashboard.xlsx</msg>
<status status="PASS" starttime="20240111 11:47:54.634" endtime="20240111 11:47:54.634"/>
</kw>
<kw name="Open Excel Document" library="ExcelLibrary">
<arg>${file_path}</arg>
<arg>doc_id=docid</arg>
<doc>Opens xlsx document file.</doc>
<status status="PASS" starttime="20240111 11:47:54.634" endtime="20240111 11:47:54.660"/>
</kw>
<kw name="Get List Sheet Names" library="ExcelLibrary">
<var>${sheets}</var>
<doc>Returns a list of sheet names in the current document.</doc>
<msg timestamp="20240111 11:47:54.660" level="INFO">${sheets} = ['Portal', 'OneMapRouting', 'Arc_GIS', 'Master']</msg>
<status status="PASS" starttime="20240111 11:47:54.660" endtime="20240111 11:47:54.660"/>
</kw>
<kw name="Read Excel Cell" library="ExcelLibrary">
<var>${data}</var>
<arg>${rownum}</arg>
<arg>${colnum}</arg>
<arg>${sheet_name}</arg>
<doc>Returns content of a cell.</doc>
<msg timestamp="20240111 11:47:54.660" level="INFO">${data} = ngw-perm-ms-001</msg>
<status status="PASS" starttime="20240111 11:47:54.660" endtime="20240111 11:47:54.660"/>
</kw>
<kw name="Close Current Excel Document" library="ExcelLibrary">
<doc>Closes current document.</doc>
<status status="PASS" starttime="20240111 11:47:54.660" endtime="20240111 11:47:54.668"/>
</kw>
<msg timestamp="20240111 11:47:54.668" level="INFO">${Gateway_input} = ngw-perm-ms-001</msg>
<status status="PASS" starttime="20240111 11:47:54.634" endtime="20240111 11:47:54.668"/>
</kw>
<kw name="Read_Data_From_Excel_File" library="Read_data_from_excel_file">
<var>${Device_Input}</var>
<arg>User_Dashboard.xlsx</arg>
<arg>Arc_GIS</arg>
<arg>10</arg>
<arg>2</arg>
<kw name="Replace String" library="String">
<var>${file_path}</var>
<arg>${file_path1}</arg>
<arg>filename</arg>
<arg>${filename}</arg>
<doc>Replaces ``search_for`` in the given ``string`` with ``replace_with``.</doc>
<msg timestamp="20240111 11:47:54.668" level="INFO">${file_path} = C:\Users\10712370\PycharmProjects\pythonProject\BPxPoc\Utilities\..\TestData\User_Dashboard.xlsx</msg>
<status status="PASS" starttime="20240111 11:47:54.668" endtime="20240111 11:47:54.668"/>
</kw>
<kw name="Open Excel Document" library="ExcelLibrary">
<arg>${file_path}</arg>
<arg>doc_id=docid</arg>
<doc>Opens xlsx document file.</doc>
<status status="PASS" starttime="20240111 11:47:54.668" endtime="20240111 11:47:54.692"/>
</kw>
<kw name="Get List Sheet Names" library="ExcelLibrary">
<var>${sheets}</var>
<doc>Returns a list of sheet names in the current document.</doc>
<msg timestamp="20240111 11:47:54.692" level="INFO">${sheets} = ['Portal', 'OneMapRouting', 'Arc_GIS', 'Master']</msg>
<status status="PASS" starttime="20240111 11:47:54.692" endtime="20240111 11:47:54.692"/>
</kw>
<kw name="Read Excel Cell" library="ExcelLibrary">
<var>${data}</var>
<arg>${rownum}</arg>
<arg>${colnum}</arg>
<arg>${sheet_name}</arg>
<doc>Returns content of a cell.</doc>
<msg timestamp="20240111 11:47:54.692" level="INFO">${data} = None</msg>
<status status="PASS" starttime="20240111 11:47:54.692" endtime="20240111 11:47:54.692"/>
</kw>
<kw name="Close Current Excel Document" library="ExcelLibrary">
<doc>Closes current document.</doc>
<status status="PASS" starttime="20240111 11:47:54.692" endtime="20240111 11:47:54.692"/>
</kw>
<msg timestamp="20240111 11:47:54.700" level="INFO">${Device_Input} = None</msg>
<status status="PASS" starttime="20240111 11:47:54.668" endtime="20240111 11:47:54.700"/>
</kw>
<kw name="Set Global Variable" library="BuiltIn">
<arg>${BROWSER}</arg>
<doc>Makes a variable available globally in all tests and suites.</doc>
<msg timestamp="20240111 11:47:54.701" level="INFO">${BROWSER} = Chrome</msg>
<status status="PASS" starttime="20240111 11:47:54.700" endtime="20240111 11:47:54.701"/>
</kw>
<kw name="Set Global Variable" library="BuiltIn">
<arg>${GIS_URL}</arg>
<doc>Makes a variable available globally in all tests and suites.</doc>
<msg timestamp="20240111 11:47:54.701" level="INFO">${GIS_URL} = https://onemap.bpx.com/portal/apps/dashboards/8eead05d24e04e2ca5b1212e2bbab3b6</msg>
<status status="PASS" starttime="20240111 11:47:54.701" endtime="20240111 11:47:54.701"/>
</kw>
<kw name="Set Global Variable" library="BuiltIn">
<arg>${GPS_URL}</arg>
<doc>Makes a variable available globally in all tests and suites.</doc>
<msg timestamp="20240111 11:47:54.701" level="INFO">${GPS_URL} = https://onemap.bpx.com/portal/apps/webappviewer/index.html?id=9226c6c1d0c844cfa5ae0a0cc8908ddc</msg>
<status status="PASS" starttime="20240111 11:47:54.701" endtime="20240111 11:47:54.701"/>
</kw>
<kw name="Set Global Variable" library="BuiltIn">
<arg>${UserName}</arg>
<doc>Makes a variable available globally in all tests and suites.</doc>
<msg timestamp="20240111 11:47:54.704" level="INFO">${UserName} = qeadmin</msg>
<status status="PASS" starttime="20240111 11:47:54.701" endtime="20240111 11:47:54.704"/>
</kw>
<kw name="Set Global Variable" library="BuiltIn">
<arg>${Password}</arg>
<doc>Makes a variable available globally in all tests and suites.</doc>
<msg timestamp="20240111 11:47:54.704" level="INFO">${Password} = Welcome2BPX!</msg>
<status status="PASS" starttime="20240111 11:47:54.704" endtime="20240111 11:47:54.704"/>
</kw>
<kw name="Set Global Variable" library="BuiltIn">
<arg>${Business_Unit_Input}</arg>
<doc>Makes a variable available globally in all tests and suites.</doc>
<msg timestamp="20240111 11:47:54.705" level="INFO">${Business_Unit_Input} = Permian</msg>
<status status="PASS" starttime="20240111 11:47:54.704" endtime="20240111 11:47:54.705"/>
</kw>
<kw name="Set Global Variable" library="BuiltIn">
<arg>${Facility_Input}</arg>
<doc>Makes a variable available globally in all tests and suites.</doc>
<msg timestamp="20240111 11:47:54.705" level="INFO">${Facility_Input} = GRAND SLAM CDP</msg>
<status status="PASS" starttime="20240111 11:47:54.705" endtime="20240111 11:47:54.705"/>
</kw>
<kw name="Set Global Variable" library="BuiltIn">
<arg>${Gateway_input}</arg>
<doc>Makes a variable available globally in all tests and suites.</doc>
<msg timestamp="20240111 11:47:54.705" level="INFO">${Gateway_input} = ngw-perm-ms-001</msg>
<status status="PASS" starttime="20240111 11:47:54.705" endtime="20240111 11:47:54.705"/>
</kw>
<kw name="Set Global Variable" library="BuiltIn">
<arg>${Device_Input}</arg>
<doc>Makes a variable available globally in all tests and suites.</doc>
<msg timestamp="20240111 11:47:54.705" level="INFO">${Device_Input} = None</msg>
<status status="PASS" starttime="20240111 11:47:54.705" endtime="20240111 11:47:54.705"/>
</kw>
<status status="PASS" starttime="20240111 11:47:54.387" endtime="20240111 11:47:54.705"/>
</kw>
<kw name="Sleep" library="BuiltIn">
<arg>10</arg>
<doc>Pauses the test executed for the given time.</doc>
<msg timestamp="20240111 11:48:04.706" level="INFO">Slept 10 seconds</msg>
<status status="PASS" starttime="20240111 11:47:54.705" endtime="20240111 11:48:04.706"/>
</kw>
<kw name="Wait Until Element Is Visible" library="SeleniumLibrary">
<arg>${Business_Unit_DD_Click_btn}</arg>
<arg>20s</arg>
<doc>Waits until the element ``locator`` is visible.</doc>
<status status="PASS" starttime="20240111 11:48:04.706" endtime="20240111 11:48:04.927"/>
</kw>
<kw name="Click Element" library="SeleniumLibrary">
<arg>${Business_Unit_DD_Click_btn}</arg>
<doc>Click the element identified by ``locator``.</doc>
<msg timestamp="20240111 11:48:04.927" level="INFO">Clicking element 'xpath=//span[@title='Business Unit']'.</msg>
<status status="PASS" starttime="20240111 11:48:04.927" endtime="20240111 11:48:05.046"/>
</kw>
<kw name="Sleep" library="BuiltIn">
<arg>3</arg>
<doc>Pauses the test executed for the given time.</doc>
<msg timestamp="20240111 11:48:08.046" level="INFO">Slept 3 seconds</msg>
<status status="PASS" starttime="20240111 11:48:05.046" endtime="20240111 11:48:08.046"/>
</kw>
<kw name="Select_from_Drop_Down_value" library="ArcGIS_Constants">
<arg>${Business_Unit_Input}</arg>
<kw name="Replace String" library="String">
<var>${New_element}</var>
<arg>${DD_Value_Selection}</arg>
<arg>value</arg>
<arg>${Selection_Value}</arg>
<doc>Replaces ``search_for`` in the given ``string`` with ``replace_with``.</doc>
<msg timestamp="20240111 11:48:08.046" level="INFO">${New_element} = xpath=//div[@class='dropdown-menu is-active popper']//label/span[text()='Permian']</msg>
<status status="PASS" starttime="20240111 11:48:08.046" endtime="20240111 11:48:08.046"/>
</kw>
<kw name="Wait Until Element Is Visible" library="SeleniumLibrary">
<arg>${New_element}</arg>
<arg>10s</arg>
<doc>Waits until the element ``locator`` is visible.</doc>
<status status="PASS" starttime="20240111 11:48:08.046" endtime="20240111 11:48:08.095"/>
</kw>
<kw name="Click Element" library="SeleniumLibrary">
<arg>${New_element}</arg>
<doc>Click the element identified by ``locator``.</doc>
<msg timestamp="20240111 11:48:08.096" level="INFO">Clicking element 'xpath=//div[@class='dropdown-menu is-active popper']//label/span[text()='Permian']'.</msg>
<status status="PASS" starttime="20240111 11:48:08.095" endtime="20240111 11:48:08.213"/>
</kw>
<status status="PASS" starttime="20240111 11:48:08.046" endtime="20240111 11:48:08.213"/>
</kw>
<status status="PASS" starttime="20240111 11:47:54.385" endtime="20240111 11:48:08.213"/>
</kw>
<kw name="Facility_Selection" library="ArcGIS_Constants">
<kw name="ARCGIS_Variables_Read_from_Excel" library="ArcGIS_Constants">
<doc>This Function used to get cell value from Excel file</doc>
<kw name="Read_Data_From_Excel_File" library="Read_data_from_excel_file">
<var>${BROWSER}</var>
<arg>User_Dashboard.xlsx</arg>
<arg>Arc_GIS</arg>
<arg>2</arg>
<arg>2</arg>
<kw name="Replace String" library="String">
<var>${file_path}</var>
<arg>${file_path1}</arg>
<arg>filename</arg>
<arg>${filename}</arg>
<doc>Replaces ``search_for`` in the given ``string`` with ``replace_with``.</doc>
<msg timestamp="20240111 11:48:08.213" level="INFO">${file_path} = C:\Users\10712370\PycharmProjects\pythonProject\BPxPoc\Utilities\..\TestData\User_Dashboard.xlsx</msg>
<status status="PASS" starttime="20240111 11:48:08.213" endtime="20240111 11:48:08.213"/>
</kw>
<kw name="Open Excel Document" library="ExcelLibrary">
<arg>${file_path}</arg>
<arg>doc_id=docid</arg>
<doc>Opens xlsx document file.</doc>
<status status="PASS" starttime="20240111 11:48:08.213" endtime="20240111 11:48:08.238"/>
</kw>
<kw name="Get List Sheet Names" library="ExcelLibrary">
<var>${sheets}</var>
<doc>Returns a list of sheet names in the current document.</doc>
<msg timestamp="20240111 11:48:08.238" level="INFO">${sheets} = ['Portal', 'OneMapRouting', 'Arc_GIS', 'Master']</msg>
<status status="PASS" starttime="20240111 11:48:08.238" endtime="20240111 11:48:08.238"/>
</kw>
<kw name="Read Excel Cell" library="ExcelLibrary">
<var>${data}</var>
<arg>${rownum}</arg>
<arg>${colnum}</arg>
<arg>${sheet_name}</arg>
<doc>Returns content of a cell.</doc>
<msg timestamp="20240111 11:48:08.240" level="INFO">${data} = Chrome</msg>
<status status="PASS" starttime="20240111 11:48:08.238" endtime="20240111 11:48:08.240"/>
</kw>
<kw name="Close Current Excel Document" library="ExcelLibrary">
<doc>Closes current document.</doc>
<status status="PASS" starttime="20240111 11:48:08.240" endtime="20240111 11:48:08.240"/>
</kw>
<msg timestamp="20240111 11:48:08.240" level="INFO">${BROWSER} = Chrome</msg>
<status status="PASS" starttime="20240111 11:48:08.213" endtime="20240111 11:48:08.240"/>
</kw>
<kw name="Read_Data_From_Excel_File" library="Read_data_from_excel_file">
<var>${GIS_URL}</var>
<arg>User_Dashboard.xlsx</arg>
<arg>Arc_GIS</arg>
<arg>3</arg>
<arg>2</arg>
<kw name="Replace String" library="String">
<var>${file_path}</var>
<arg>${file_path1}</arg>
<arg>filename</arg>
<arg>${filename}</arg>
<doc>Replaces ``search_for`` in the given ``string`` with ``replace_with``.</doc>
<msg timestamp="20240111 11:48:08.240" level="INFO">${file_path} = C:\Users\10712370\PycharmProjects\pythonProject\BPxPoc\Utilities\..\TestData\User_Dashboard.xlsx</msg>
<status status="PASS" starttime="20240111 11:48:08.240" endtime="20240111 11:48:08.240"/>
</kw>
<kw name="Open Excel Document" library="ExcelLibrary">
<arg>${file_path}</arg>
<arg>doc_id=docid</arg>
<doc>Opens xlsx document file.</doc>
<status status="PASS" starttime="20240111 11:48:08.240" endtime="20240111 11:48:08.266"/>
</kw>
<kw name="Get List Sheet Names" library="ExcelLibrary">
<var>${sheets}</var>
<doc>Returns a list of sheet names in the current document.</doc>
<msg timestamp="20240111 11:48:08.266" level="INFO">${sheets} = ['Portal', 'OneMapRouting', 'Arc_GIS', 'Master']</msg>
<status status="PASS" starttime="20240111 11:48:08.266" endtime="20240111 11:48:08.266"/>
</kw>
<kw name="Read Excel Cell" library="ExcelLibrary">
<var>${data}</var>
<arg>${rownum}</arg>
<arg>${colnum}</arg>
<arg>${sheet_name}</arg>
<doc>Returns content of a cell.</doc>
<msg timestamp="20240111 11:48:08.266" level="INFO">${data} = https://onemap.bpx.com/portal/apps/dashboards/8eead05d24e04e2ca5b1212e2bbab3b6</msg>
<status status="PASS" starttime="20240111 11:48:08.266" endtime="20240111 11:48:08.266"/>
</kw>
<kw name="Close Current Excel Document" library="ExcelLibrary">
<doc>Closes current document.</doc>
<status status="PASS" starttime="20240111 11:48:08.266" endtime="20240111 11:48:08.266"/>
</kw>
<msg timestamp="20240111 11:48:08.275" level="INFO">${GIS_URL} = https://onemap.bpx.com/portal/apps/dashboards/8eead05d24e04e2ca5b1212e2bbab3b6</msg>
<status status="PASS" starttime="20240111 11:48:08.240" endtime="20240111 11:48:08.275"/>
</kw>
<kw name="Read_Data_From_Excel_File" library="Read_data_from_excel_file">
<var>${GPS_URL}</var>
<arg>User_Dashboard.xlsx</arg>
<arg>Arc_GIS</arg>
<arg>4</arg>
<arg>2</arg>
<kw name="Replace String" library="String">
<var>${file_path}</var>
<arg>${file_path1}</arg>
<arg>filename</arg>
<arg>${filename}</arg>
<doc>Replaces ``search_for`` in the given ``string`` with ``replace_with``.</doc>
<msg timestamp="20240111 11:48:08.275" level="INFO">${file_path} = C:\Users\10712370\PycharmProjects\pythonProject\BPxPoc\Utilities\..\TestData\User_Dashboard.xlsx</msg>
<status status="PASS" starttime="20240111 11:48:08.275" endtime="20240111 11:48:08.275"/>
</kw>
<kw name="Open Excel Document" library="ExcelLibrary">
<arg>${file_path}</arg>
<arg>doc_id=docid</arg>
<doc>Opens xlsx document file.</doc>
<status status="PASS" starttime="20240111 11:48:08.275" endtime="20240111 11:48:08.316"/>
</kw>
<kw name="Get List Sheet Names" library="ExcelLibrary">
<var>${sheets}</var>
<doc>Returns a list of sheet names in the current document.</doc>
<msg timestamp="20240111 11:48:08.316" level="INFO">${sheets} = ['Portal', 'OneMapRouting', 'Arc_GIS', 'Master']</msg>
<status status="PASS" starttime="20240111 11:48:08.316" endtime="20240111 11:48:08.316"/>
</kw>
<kw name="Read Excel Cell" library="ExcelLibrary">
<var>${data}</var>
<arg>${rownum}</arg>
<arg>${colnum}</arg>
<arg>${sheet_name}</arg>
<doc>Returns content of a cell.</doc>
<msg timestamp="20240111 11:48:08.318" level="INFO">${data} = https://onemap.bpx.com/portal/apps/webappviewer/index.html?id=9226c6c1d0c844cfa5ae0a0cc8908ddc</msg>
<status status="PASS" starttime="20240111 11:48:08.318" endtime="20240111 11:48:08.318"/>
</kw>
<kw name="Close Current Excel Document" library="ExcelLibrary">
<doc>Closes current document.</doc>
<status status="PASS" starttime="20240111 11:48:08.318" endtime="20240111 11:48:08.318"/>
</kw>
<msg timestamp="20240111 11:48:08.320" level="INFO">${GPS_URL} = https://onemap.bpx.com/portal/apps/webappviewer/index.html?id=9226c6c1d0c844cfa5ae0a0cc8908ddc</msg>
<status status="PASS" starttime="20240111 11:48:08.275" endtime="20240111 11:48:08.320"/>
</kw>
<kw name="Read_Data_From_Excel_File" library="Read_data_from_excel_file">
<var>${UserName}</var>
<arg>User_Dashboard.xlsx</arg>
<arg>Arc_GIS</arg>
<arg>5</arg>
<arg>2</arg>
<kw name="Replace String" library="String">
<var>${file_path}</var>
<arg>${file_path1}</arg>
<arg>filename</arg>
<arg>${filename}</arg>
<doc>Replaces ``search_for`` in the given ``string`` with ``replace_with``.</doc>
<msg timestamp="20240111 11:48:08.320" level="INFO">${file_path} = C:\Users\10712370\PycharmProjects\pythonProject\BPxPoc\Utilities\..\TestData\User_Dashboard.xlsx</msg>
<status status="PASS" starttime="20240111 11:48:08.320" endtime="20240111 11:48:08.320"/>
</kw>
<kw name="Open Excel Document" library="ExcelLibrary">
<arg>${file_path}</arg>
<arg>doc_id=docid</arg>
<doc>Opens xlsx document file.</doc>
<status status="PASS" starttime="20240111 11:48:08.320" endtime="20240111 11:48:08.348"/>
</kw>
<kw name="Get List Sheet Names" library="ExcelLibrary">
<var>${sheets}</var>
<doc>Returns a list of sheet names in the current document.</doc>
<msg timestamp="20240111 11:48:08.348" level="INFO">${sheets} = ['Portal', 'OneMapRouting', 'Arc_GIS', 'Master']</msg>
<status status="PASS" starttime="20240111 11:48:08.348" endtime="20240111 11:48:08.348"/>
</kw>
<kw name="Read Excel Cell" library="ExcelLibrary">
<var>${data}</var>
<arg>${rownum}</arg>
<arg>${colnum}</arg>
<arg>${sheet_name}</arg>
<doc>Returns content of a cell.</doc>
<msg timestamp="20240111 11:48:08.353" level="INFO">${data} = qeadmin</msg>
<status status="PASS" starttime="20240111 11:48:08.348" endtime="20240111 11:48:08.353"/>
</kw>
<kw name="Close Current Excel Document" library="ExcelLibrary">
<doc>Closes current document.</doc>
<status status="PASS" starttime="20240111 11:48:08.353" endtime="20240111 11:48:08.353"/>
</kw>
<msg timestamp="20240111 11:48:08.353" level="INFO">${UserName} = qeadmin</msg>
<status status="PASS" starttime="20240111 11:48:08.320" endtime="20240111 11:48:08.353"/>
</kw>
<kw name="Read_Data_From_Excel_File" library="Read_data_from_excel_file">
<var>${Password}</var>
<arg>User_Dashboard.xlsx</arg>
<arg>Arc_GIS</arg>
<arg>6</arg>
<arg>2</arg>
<kw name="Replace String" library="String">
<var>${file_path}</var>
<arg>${file_path1}</arg>
<arg>filename</arg>
<arg>${filename}</arg>
<doc>Replaces ``search_for`` in the given ``string`` with ``replace_with``.</doc>
<msg timestamp="20240111 11:48:08.353" level="INFO">${file_path} = C:\Users\10712370\PycharmProjects\pythonProject\BPxPoc\Utilities\..\TestData\User_Dashboard.xlsx</msg>
<status status="PASS" starttime="20240111 11:48:08.353" endtime="20240111 11:48:08.353"/>
</kw>
<kw name="Open Excel Document" library="ExcelLibrary">
<arg>${file_path}</arg>
<arg>doc_id=docid</arg>
<doc>Opens xlsx document file.</doc>
<status status="PASS" starttime="20240111 11:48:08.353" endtime="20240111 11:48:08.378"/>
</kw>
<kw name="Get List Sheet Names" library="ExcelLibrary">
<var>${sheets}</var>
<doc>Returns a list of sheet names in the current document.</doc>
<msg timestamp="20240111 11:48:08.379" level="INFO">${sheets} = ['Portal', 'OneMapRouting', 'Arc_GIS', 'Master']</msg>
<status status="PASS" starttime="20240111 11:48:08.378" endtime="20240111 11:48:08.380"/>
</kw>
<kw name="Read Excel Cell" library="ExcelLibrary">
<var>${data}</var>
<arg>${rownum}</arg>
<arg>${colnum}</arg>
<arg>${sheet_name}</arg>
<doc>Returns content of a cell.</doc>
<msg timestamp="20240111 11:48:08.382" level="INFO">${data} = Welcome2BPX!</msg>
<status status="PASS" starttime="20240111 11:48:08.380" endtime="20240111 11:48:08.382"/>
</kw>
<kw name="Close Current Excel Document" library="ExcelLibrary">
<doc>Closes current document.</doc>
<status status="PASS" starttime="20240111 11:48:08.382" endtime="20240111 11:48:08.382"/>
</kw>
<msg timestamp="20240111 11:48:08.382" level="INFO">${Password} = Welcome2BPX!</msg>
<status status="PASS" starttime="20240111 11:48:08.353" endtime="20240111 11:48:08.382"/>
</kw>
<kw name="Read_Data_From_Excel_File" library="Read_data_from_excel_file">
<var>${Business_Unit_Input}</var>
<arg>User_Dashboard.xlsx</arg>
<arg>Arc_GIS</arg>
<arg>7</arg>
<arg>2</arg>
<kw name="Replace String" library="String">
<var>${file_path}</var>
<arg>${file_path1}</arg>
<arg>filename</arg>
<arg>${filename}</arg>
<doc>Replaces ``search_for`` in the given ``string`` with ``replace_with``.</doc>
<msg timestamp="20240111 11:48:08.383" level="INFO">${file_path} = C:\Users\10712370\PycharmProjects\pythonProject\BPxPoc\Utilities\..\TestData\User_Dashboard.xlsx</msg>
<status status="PASS" starttime="20240111 11:48:08.382" endtime="20240111 11:48:08.383"/>
</kw>
<kw name="Open Excel Document" library="ExcelLibrary">
<arg>${file_path}</arg>
<arg>doc_id=docid</arg>
<doc>Opens xlsx document file.</doc>
<status status="PASS" starttime="20240111 11:48:08.383" endtime="20240111 11:48:08.408"/>
</kw>
<kw name="Get List Sheet Names" library="ExcelLibrary">
<var>${sheets}</var>
<doc>Returns a list of sheet names in the current document.</doc>
<msg timestamp="20240111 11:48:08.409" level="INFO">${sheets} = ['Portal', 'OneMapRouting', 'Arc_GIS', 'Master']</msg>
<status status="PASS" starttime="20240111 11:48:08.409" endtime="20240111 11:48:08.409"/>
</kw>
<kw name="Read Excel Cell" library="ExcelLibrary">
<var>${data}</var>
<arg>${rownum}</arg>
<arg>${colnum}</arg>
<arg>${sheet_name}</arg>
<doc>Returns content of a cell.</doc>
<msg timestamp="20240111 11:48:08.410" level="INFO">${data} = Permian</msg>
<status status="PASS" starttime="20240111 11:48:08.410" endtime="20240111 11:48:08.410"/>
</kw>
<kw name="Close Current Excel Document" library="ExcelLibrary">
<doc>Closes current document.</doc>
<status status="PASS" starttime="20240111 11:48:08.410" endtime="20240111 11:48:08.410"/>
</kw>
<msg timestamp="20240111 11:48:08.410" level="INFO">${Business_Unit_Input} = Permian</msg>
<status status="PASS" starttime="20240111 11:48:08.382" endtime="20240111 11:48:08.410"/>
</kw>
<kw name="Read_Data_From_Excel_File" library="Read_data_from_excel_file">
<var>${Facility_Input}</var>
<arg>User_Dashboard.xlsx</arg>
<arg>Arc_GIS</arg>
<arg>8</arg>
<arg>2</arg>
<kw name="Replace String" library="String">
<var>${file_path}</var>
<arg>${file_path1}</arg>
<arg>filename</arg>
<arg>${filename}</arg>
<doc>Replaces ``search_for`` in the given ``string`` with ``replace_with``.</doc>
<msg timestamp="20240111 11:48:08.412" level="INFO">${file_path} = C:\Users\10712370\PycharmProjects\pythonProject\BPxPoc\Utilities\..\TestData\User_Dashboard.xlsx</msg>
<status status="PASS" starttime="20240111 11:48:08.412" endtime="20240111 11:48:08.412"/>
</kw>
<kw name="Open Excel Document" library="ExcelLibrary">
<arg>${file_path}</arg>
<arg>doc_id=docid</arg>
<doc>Opens xlsx document file.</doc>
<status status="PASS" starttime="20240111 11:48:08.412" endtime="20240111 11:48:08.437"/>
</kw>
<kw name="Get List Sheet Names" library="ExcelLibrary">
<var>${sheets}</var>
<doc>Returns a list of sheet names in the current document.</doc>
<msg timestamp="20240111 11:48:08.437" level="INFO">${sheets} = ['Portal', 'OneMapRouting', 'Arc_GIS', 'Master']</msg>
<status status="PASS" starttime="20240111 11:48:08.437" endtime="20240111 11:48:08.437"/>
</kw>
<kw name="Read Excel Cell" library="ExcelLibrary">
<var>${data}</var>
<arg>${rownum}</arg>
<arg>${colnum}</arg>
<arg>${sheet_name}</arg>
<doc>Returns content of a cell.</doc>
<msg timestamp="20240111 11:48:08.441" level="INFO">${data} = GRAND SLAM CDP</msg>
<status status="PASS" starttime="20240111 11:48:08.441" endtime="20240111 11:48:08.441"/>
</kw>
<kw name="Close Current Excel Document" library="ExcelLibrary">
<doc>Closes current document.</doc>
<status status="PASS" starttime="20240111 11:48:08.441" endtime="20240111 11:48:08.441"/>
</kw>
<msg timestamp="20240111 11:48:08.443" level="INFO">${Facility_Input} = GRAND SLAM CDP</msg>
<status status="PASS" starttime="20240111 11:48:08.410" endtime="20240111 11:48:08.443"/>
</kw>
<kw name="Read_Data_From_Excel_File" library="Read_data_from_excel_file">
<var>${Gateway_input}</var>
<arg>User_Dashboard.xlsx</arg>
<arg>Arc_GIS</arg>
<arg>9</arg>
<arg>2</arg>
<kw name="Replace String" library="String">
<var>${file_path}</var>
<arg>${file_path1}</arg>
<arg>filename</arg>
<arg>${filename}</arg>
<doc>Replaces ``search_for`` in the given ``string`` with ``replace_with``.</doc>
<msg timestamp="20240111 11:48:08.444" level="INFO">${file_path} = C:\Users\10712370\PycharmProjects\pythonProject\BPxPoc\Utilities\..\TestData\User_Dashboard.xlsx</msg>
<status status="PASS" starttime="20240111 11:48:08.444" endtime="20240111 11:48:08.444"/>
</kw>
<kw name="Open Excel Document" library="ExcelLibrary">
<arg>${file_path}</arg>
<arg>doc_id=docid</arg>
<doc>Opens xlsx document file.</doc>
<status status="PASS" starttime="20240111 11:48:08.444" endtime="20240111 11:48:08.468"/>
</kw>
<kw name="Get List Sheet Names" library="ExcelLibrary">
<var>${sheets}</var>
<doc>Returns a list of sheet names in the current document.</doc>
<msg timestamp="20240111 11:48:08.469" level="INFO">${sheets} = ['Portal', 'OneMapRouting', 'Arc_GIS', 'Master']</msg>
<status status="PASS" starttime="20240111 11:48:08.468" endtime="20240111 11:48:08.469"/>
</kw>
<kw name="Read Excel Cell" library="ExcelLibrary">
<var>${data}</var>
<arg>${rownum}</arg>
<arg>${colnum}</arg>
<arg>${sheet_name}</arg>
<doc>Returns content of a cell.</doc>
<msg timestamp="20240111 11:48:08.469" level="INFO">${data} = ngw-perm-ms-001</msg>
<status status="PASS" starttime="20240111 11:48:08.469" endtime="20240111 11:48:08.469"/>
</kw>
<kw name="Close Current Excel Document" library="ExcelLibrary">
<doc>Closes current document.</doc>
<status status="PASS" starttime="20240111 11:48:08.470" endtime="20240111 11:48:08.470"/>
</kw>
<msg timestamp="20240111 11:48:08.470" level="INFO">${Gateway_input} = ngw-perm-ms-001</msg>
<status status="PASS" starttime="20240111 11:48:08.443" endtime="20240111 11:48:08.470"/>
</kw>
<kw name="Read_Data_From_Excel_File" library="Read_data_from_excel_file">
<var>${Device_Input}</var>
<arg>User_Dashboard.xlsx</arg>
<arg>Arc_GIS</arg>
<arg>10</arg>
<arg>2</arg>
<kw name="Replace String" library="String">
<var>${file_path}</var>
<arg>${file_path1}</arg>
<arg>filename</arg>
<arg>${filename}</arg>
<doc>Replaces ``search_for`` in the given ``string`` with ``replace_with``.</doc>
<msg timestamp="20240111 11:48:08.471" level="INFO">${file_path} = C:\Users\10712370\PycharmProjects\pythonProject\BPxPoc\Utilities\..\TestData\User_Dashboard.xlsx</msg>
<status status="PASS" starttime="20240111 11:48:08.470" endtime="20240111 11:48:08.471"/>
</kw>
<kw name="Open Excel Document" library="ExcelLibrary">
<arg>${file_path}</arg>
<arg>doc_id=docid</arg>
<doc>Opens xlsx document file.</doc>
<status status="PASS" starttime="20240111 11:48:08.471" endtime="20240111 11:48:08.493"/>
</kw>
<kw name="Get List Sheet Names" library="ExcelLibrary">
<var>${sheets}</var>
<doc>Returns a list of sheet names in the current document.</doc>
<msg timestamp="20240111 11:48:08.493" level="INFO">${sheets} = ['Portal', 'OneMapRouting', 'Arc_GIS', 'Master']</msg>
<status status="PASS" starttime="20240111 11:48:08.493" endtime="20240111 11:48:08.493"/>
</kw>
<kw name="Read Excel Cell" library="ExcelLibrary">
<var>${data}</var>
<arg>${rownum}</arg>
<arg>${colnum}</arg>
<arg>${sheet_name}</arg>
<doc>Returns content of a cell.</doc>
<msg timestamp="20240111 11:48:08.493" level="INFO">${data} = None</msg>
<status status="PASS" starttime="20240111 11:48:08.493" endtime="20240111 11:48:08.493"/>
</kw>
<kw name="Close Current Excel Document" library="ExcelLibrary">
<doc>Closes current document.</doc>
<status status="PASS" starttime="20240111 11:48:08.493" endtime="20240111 11:48:08.493"/>
</kw>
<msg timestamp="20240111 11:48:08.493" level="INFO">${Device_Input} = None</msg>
<status status="PASS" starttime="20240111 11:48:08.470" endtime="20240111 11:48:08.493"/>
</kw>
<kw name="Set Global Variable" library="BuiltIn">
<arg>${BROWSER}</arg>
<doc>Makes a variable available globally in all tests and suites.</doc>
<msg timestamp="20240111 11:48:08.493" level="INFO">${BROWSER} = Chrome</msg>
<status status="PASS" starttime="20240111 11:48:08.493" endtime="20240111 11:48:08.493"/>
</kw>
<kw name="Set Global Variable" library="BuiltIn">
<arg>${GIS_URL}</arg>
<doc>Makes a variable available globally in all tests and suites.</doc>
<msg timestamp="20240111 11:48:08.493" level="INFO">${GIS_URL} = https://onemap.bpx.com/portal/apps/dashboards/8eead05d24e04e2ca5b1212e2bbab3b6</msg>
<status status="PASS" starttime="20240111 11:48:08.493" endtime="20240111 11:48:08.493"/>
</kw>
<kw name="Set Global Variable" library="BuiltIn">
<arg>${GPS_URL}</arg>
<doc>Makes a variable available globally in all tests and suites.</doc>
<msg timestamp="20240111 11:48:08.493" level="INFO">${GPS_URL} = https://onemap.bpx.com/portal/apps/webappviewer/index.html?id=9226c6c1d0c844cfa5ae0a0cc8908ddc</msg>
<status status="PASS" starttime="20240111 11:48:08.493" endtime="20240111 11:48:08.493"/>
</kw>
<kw name="Set Global Variable" library="BuiltIn">
<arg>${UserName}</arg>
<doc>Makes a variable available globally in all tests and suites.</doc>
<msg timestamp="20240111 11:48:08.501" level="INFO">${UserName} = qeadmin</msg>
<status status="PASS" starttime="20240111 11:48:08.493" endtime="20240111 11:48:08.501"/>
</kw>
<kw name="Set Global Variable" library="BuiltIn">
<arg>${Password}</arg>
<doc>Makes a variable available globally in all tests and suites.</doc>
<msg timestamp="20240111 11:48:08.501" level="INFO">${Password} = Welcome2BPX!</msg>
<status status="PASS" starttime="20240111 11:48:08.501" endtime="20240111 11:48:08.501"/>
</kw>
<kw name="Set Global Variable" library="BuiltIn">
<arg>${Business_Unit_Input}</arg>
<doc>Makes a variable available globally in all tests and suites.</doc>
<msg timestamp="20240111 11:48:08.503" level="INFO">${Business_Unit_Input} = Permian</msg>
<status status="PASS" starttime="20240111 11:48:08.501" endtime="20240111 11:48:08.503"/>
</kw>
<kw name="Set Global Variable" library="BuiltIn">
<arg>${Facility_Input}</arg>
<doc>Makes a variable available globally in all tests and suites.</doc>
<msg timestamp="20240111 11:48:08.503" level="INFO">${Facility_Input} = GRAND SLAM CDP</msg>
<status status="PASS" starttime="20240111 11:48:08.503" endtime="20240111 11:48:08.503"/>
</kw>
<kw name="Set Global Variable" library="BuiltIn">
<arg>${Gateway_input}</arg>
<doc>Makes a variable available globally in all tests and suites.</doc>
<msg timestamp="20240111 11:48:08.504" level="INFO">${Gateway_input} = ngw-perm-ms-001</msg>
<status status="PASS" starttime="20240111 11:48:08.504" endtime="20240111 11:48:08.504"/>
</kw>
<kw name="Set Global Variable" library="BuiltIn">
<arg>${Device_Input}</arg>
<doc>Makes a variable available globally in all tests and suites.</doc>
<msg timestamp="20240111 11:48:08.504" level="INFO">${Device_Input} = None</msg>
<status status="PASS" starttime="20240111 11:48:08.504" endtime="20240111 11:48:08.504"/>
</kw>
<status status="PASS" starttime="20240111 11:48:08.213" endtime="20240111 11:48:08.506"/>
</kw>
<kw name="Wait Until Element Is Visible" library="SeleniumLibrary">
<arg>${Facility_DD_Click_btn}</arg>
<arg>10s</arg>
<doc>Waits until the element ``locator`` is visible.</doc>
<status status="PASS" starttime="20240111 11:48:08.506" endtime="20240111 11:48:08.637"/>
</kw>
<kw name="Click Element" library="SeleniumLibrary">
<arg>${Facility_DD_Click_btn}</arg>
<doc>Click the element identified by ``locator``.</doc>
<msg timestamp="20240111 11:48:08.643" level="INFO">Clicking element 'xpath=//span[@title='Facility']'.</msg>
<status status="PASS" starttime="20240111 11:48:08.637" endtime="20240111 11:48:08.768"/>
</kw>
<kw name="Select_from_Drop_Down_value" library="ArcGIS_Constants">
<arg>${Facility_Input}</arg>
<kw name="Replace String" library="String">
<var>${New_element}</var>
<arg>${DD_Value_Selection}</arg>
<arg>value</arg>
<arg>${Selection_Value}</arg>
<doc>Replaces ``search_for`` in the given ``string`` with ``replace_with``.</doc>
<msg timestamp="20240111 11:48:08.770" level="INFO">${New_element} = xpath=//div[@class='dropdown-menu is-active popper']//label/span[text()='GRAND SLAM CDP']</msg>
<status status="PASS" starttime="20240111 11:48:08.770" endtime="20240111 11:48:08.770"/>
</kw>
<kw name="Wait Until Element Is Visible" library="SeleniumLibrary">
<arg>${New_element}</arg>
<arg>10s</arg>
<doc>Waits until the element ``locator`` is visible.</doc>
<status status="PASS" starttime="20240111 11:48:08.771" endtime="20240111 11:48:08.848"/>
</kw>
<kw name="Click Element" library="SeleniumLibrary">
<arg>${New_element}</arg>
<doc>Click the element identified by ``locator``.</doc>
<msg timestamp="20240111 11:48:08.849" level="INFO">Clicking element 'xpath=//div[@class='dropdown-menu is-active popper']//label/span[text()='GRAND SLAM CDP']'.</msg>
<status status="PASS" starttime="20240111 11:48:08.848" endtime="20240111 11:48:09.115"/>
</kw>
<status status="PASS" starttime="20240111 11:48:08.769" endtime="20240111 11:48:09.115"/>
</kw>
<status status="PASS" starttime="20240111 11:48:08.213" endtime="20240111 11:48:09.115"/>
</kw>
<kw name="Gateway_Selection" library="ArcGIS_Constants">
<kw name="ARCGIS_Variables_Read_from_Excel" library="ArcGIS_Constants">
<doc>This Function used to get cell value from Excel file</doc>
<kw name="Read_Data_From_Excel_File" library="Read_data_from_excel_file">
<var>${BROWSER}</var>
<arg>User_Dashboard.xlsx</arg>
<arg>Arc_GIS</arg>
<arg>2</arg>
<arg>2</arg>
<kw name="Replace String" library="String">
<var>${file_path}</var>
<arg>${file_path1}</arg>
<arg>filename</arg>
<arg>${filename}</arg>
<doc>Replaces ``search_for`` in the given ``string`` with ``replace_with``.</doc>
<msg timestamp="20240111 11:48:09.115" level="INFO">${file_path} = C:\Users\10712370\PycharmProjects\pythonProject\BPxPoc\Utilities\..\TestData\User_Dashboard.xlsx</msg>
<status status="PASS" starttime="20240111 11:48:09.115" endtime="20240111 11:48:09.115"/>
</kw>
<kw name="Open Excel Document" library="ExcelLibrary">
<arg>${file_path}</arg>
<arg>doc_id=docid</arg>
<doc>Opens xlsx document file.</doc>
<status status="PASS" starttime="20240111 11:48:09.115" endtime="20240111 11:48:09.147"/>
</kw>
<kw name="Get List Sheet Names" library="ExcelLibrary">
<var>${sheets}</var>
<doc>Returns a list of sheet names in the current document.</doc>
<msg timestamp="20240111 11:48:09.147" level="INFO">${sheets} = ['Portal', 'OneMapRouting', 'Arc_GIS', 'Master']</msg>
<status status="PASS" starttime="20240111 11:48:09.147" endtime="20240111 11:48:09.147"/>
</kw>
<kw name="Read Excel Cell" library="ExcelLibrary">
<var>${data}</var>
<arg>${rownum}</arg>
<arg>${colnum}</arg>
<arg>${sheet_name}</arg>
<doc>Returns content of a cell.</doc>
<msg timestamp="20240111 11:48:09.152" level="INFO">${data} = Chrome</msg>
<status status="PASS" starttime="20240111 11:48:09.147" endtime="20240111 11:48:09.152"/>
</kw>
<kw name="Close Current Excel Document" library="ExcelLibrary">
<doc>Closes current document.</doc>
<status status="PASS" starttime="20240111 11:48:09.152" endtime="20240111 11:48:09.152"/>
</kw>
<msg timestamp="20240111 11:48:09.152" level="INFO">${BROWSER} = Chrome</msg>
<status status="PASS" starttime="20240111 11:48:09.115" endtime="20240111 11:48:09.152"/>
</kw>
<kw name="Read_Data_From_Excel_File" library="Read_data_from_excel_file">
<var>${GIS_URL}</var>
<arg>User_Dashboard.xlsx</arg>
<arg>Arc_GIS</arg>
<arg>3</arg>
<arg>2</arg>
<kw name="Replace String" library="String">
<var>${file_path}</var>
<arg>${file_path1}</arg>
<arg>filename</arg>
<arg>${filename}</arg>
<doc>Replaces ``search_for`` in the given ``string`` with ``replace_with``.</doc>
<msg timestamp="20240111 11:48:09.154" level="INFO">${file_path} = C:\Users\10712370\PycharmProjects\pythonProject\BPxPoc\Utilities\..\TestData\User_Dashboard.xlsx</msg>
<status status="PASS" starttime="20240111 11:48:09.154" endtime="20240111 11:48:09.154"/>
</kw>
<kw name="Open Excel Document" library="ExcelLibrary">
<arg>${file_path}</arg>
<arg>doc_id=docid</arg>
<doc>Opens xlsx document file.</doc>
<status status="PASS" starttime="20240111 11:48:09.154" endtime="20240111 11:48:09.187"/>
</kw>
<kw name="Get List Sheet Names" library="ExcelLibrary">
<var>${sheets}</var>
<doc>Returns a list of sheet names in the current document.</doc>
<msg timestamp="20240111 11:48:09.187" level="INFO">${sheets} = ['Portal', 'OneMapRouting', 'Arc_GIS', 'Master']</msg>
<status status="PASS" starttime="20240111 11:48:09.187" endtime="20240111 11:48:09.187"/>
</kw>
<kw name="Read Excel Cell" library="ExcelLibrary">
<var>${data}</var>
<arg>${rownum}</arg>
<arg>${colnum}</arg>
<arg>${sheet_name}</arg>
<doc>Returns content of a cell.</doc>
<msg timestamp="20240111 11:48:09.187" level="INFO">${data} = https://onemap.bpx.com/portal/apps/dashboards/8eead05d24e04e2ca5b1212e2bbab3b6</msg>
<status status="PASS" starttime="20240111 11:48:09.187" endtime="20240111 11:48:09.187"/>
</kw>
<kw name="Close Current Excel Document" library="ExcelLibrary">
<doc>Closes current document.</doc>
<status status="PASS" starttime="20240111 11:48:09.187" endtime="20240111 11:48:09.187"/>
</kw>
<msg timestamp="20240111 11:48:09.187" level="INFO">${GIS_URL} = https://onemap.bpx.com/portal/apps/dashboards/8eead05d24e04e2ca5b1212e2bbab3b6</msg>
<status status="PASS" starttime="20240111 11:48:09.153" endtime="20240111 11:48:09.187"/>
</kw>
<kw name="Read_Data_From_Excel_File" library="Read_data_from_excel_file">
<var>${GPS_URL}</var>
<arg>User_Dashboard.xlsx</arg>
<arg>Arc_GIS</arg>
<arg>4</arg>
<arg>2</arg>
<kw name="Replace String" library="String">
<var>${file_path}</var>
<arg>${file_path1}</arg>
<arg>filename</arg>
<arg>${filename}</arg>
<doc>Replaces ``search_for`` in the given ``string`` with ``replace_with``.</doc>
<msg timestamp="20240111 11:48:09.187" level="INFO">${file_path} = C:\Users\10712370\PycharmProjects\pythonProject\BPxPoc\Utilities\..\TestData\User_Dashboard.xlsx</msg>
<status status="PASS" starttime="20240111 11:48:09.187" endtime="20240111 11:48:09.187"/>
</kw>
<kw name="Open Excel Document" library="ExcelLibrary">
<arg>${file_path}</arg>
<arg>doc_id=docid</arg>
<doc>Opens xlsx document file.</doc>
<status status="PASS" starttime="20240111 11:48:09.187" endtime="20240111 11:48:09.222"/>
</kw>
<kw name="Get List Sheet Names" library="ExcelLibrary">
<var>${sheets}</var>
<doc>Returns a list of sheet names in the current document.</doc>
<msg timestamp="20240111 11:48:09.222" level="INFO">${sheets} = ['Portal', 'OneMapRouting', 'Arc_GIS', 'Master']</msg>
<status status="PASS" starttime="20240111 11:48:09.222" endtime="20240111 11:48:09.222"/>
</kw>
<kw name="Read Excel Cell" library="ExcelLibrary">
<var>${data}</var>
<arg>${rownum}</arg>
<arg>${colnum}</arg>
<arg>${sheet_name}</arg>
<doc>Returns content of a cell.</doc>
<msg timestamp="20240111 11:48:09.222" level="INFO">${data} = https://onemap.bpx.com/portal/apps/webappviewer/index.html?id=9226c6c1d0c844cfa5ae0a0cc8908ddc</msg>
<status status="PASS" starttime="20240111 11:48:09.222" endtime="20240111 11:48:09.222"/>
</kw>
<kw name="Close Current Excel Document" library="ExcelLibrary">
<doc>Closes current document.</doc>
<status status="PASS" starttime="20240111 11:48:09.222" endtime="20240111 11:48:09.222"/>
</kw>
<msg timestamp="20240111 11:48:09.222" level="INFO">${GPS_URL} = https://onemap.bpx.com/portal/apps/webappviewer/index.html?id=9226c6c1d0c844cfa5ae0a0cc8908ddc</msg>
<status status="PASS" starttime="20240111 11:48:09.187" endtime="20240111 11:48:09.222"/>
</kw>
<kw name="Read_Data_From_Excel_File" library="Read_data_from_excel_file">
<var>${UserName}</var>
<arg>User_Dashboard.xlsx</arg>
<arg>Arc_GIS</arg>
<arg>5</arg>
<arg>2</arg>
<kw name="Replace String" library="String">
<var>${file_path}</var>
<arg>${file_path1}</arg>
<arg>filename</arg>
<arg>${filename}</arg>
<doc>Replaces ``search_for`` in the given ``string`` with ``replace_with``.</doc>
<msg timestamp="20240111 11:48:09.226" level="INFO">${file_path} = C:\Users\10712370\PycharmProjects\pythonProject\BPxPoc\Utilities\..\TestData\User_Dashboard.xlsx</msg>
<status status="PASS" starttime="20240111 11:48:09.222" endtime="20240111 11:48:09.226"/>
</kw>
<kw name="Open Excel Document" library="ExcelLibrary">
<arg>${file_path}</arg>
<arg>doc_id=docid</arg>
<doc>Opens xlsx document file.</doc>
<status status="PASS" starttime="20240111 11:48:09.226" endtime="20240111 11:48:09.269"/>
</kw>
<kw name="Get List Sheet Names" library="ExcelLibrary">
<var>${sheets}</var>
<doc>Returns a list of sheet names in the current document.</doc>
<msg timestamp="20240111 11:48:09.269" level="INFO">${sheets} = ['Portal', 'OneMapRouting', 'Arc_GIS', 'Master']</msg>
<status status="PASS" starttime="20240111 11:48:09.269" endtime="20240111 11:48:09.269"/>
</kw>
<kw name="Read Excel Cell" library="ExcelLibrary">
<var>${data}</var>
<arg>${rownum}</arg>
<arg>${colnum}</arg>
<arg>${sheet_name}</arg>
<doc>Returns content of a cell.</doc>
<msg timestamp="20240111 11:48:09.269" level="INFO">${data} = qeadmin</msg>
<status status="PASS" starttime="20240111 11:48:09.269" endtime="20240111 11:48:09.269"/>
</kw>
<kw name="Close Current Excel Document" library="ExcelLibrary">
<doc>Closes current document.</doc>
<status status="PASS" starttime="20240111 11:48:09.272" endtime="20240111 11:48:09.272"/>
</kw>
<msg timestamp="20240111 11:48:09.272" level="INFO">${UserName} = qeadmin</msg>
<status status="PASS" starttime="20240111 11:48:09.222" endtime="20240111 11:48:09.272"/>
</kw>
<kw name="Read_Data_From_Excel_File" library="Read_data_from_excel_file">
<var>${Password}</var>
<arg>User_Dashboard.xlsx</arg>
<arg>Arc_GIS</arg>
<arg>6</arg>
<arg>2</arg>
<kw name="Replace String" library="String">
<var>${file_path}</var>
<arg>${file_path1}</arg>
<arg>filename</arg>
<arg>${filename}</arg>
<doc>Replaces ``search_for`` in the given ``string`` with ``replace_with``.</doc>
<msg timestamp="20240111 11:48:09.272" level="INFO">${file_path} = C:\Users\10712370\PycharmProjects\pythonProject\BPxPoc\Utilities\..\TestData\User_Dashboard.xlsx</msg>
<status status="PASS" starttime="20240111 11:48:09.272" endtime="20240111 11:48:09.272"/>
</kw>
<kw name="Open Excel Document" library="ExcelLibrary">
<arg>${file_path}</arg>
<arg>doc_id=docid</arg>
<doc>Opens xlsx document file.</doc>
<status status="PASS" starttime="20240111 11:48:09.272" endtime="20240111 11:48:09.310"/>
</kw>
<kw name="Get List Sheet Names" library="ExcelLibrary">
<var>${sheets}</var>
<doc>Returns a list of sheet names in the current document.</doc>
<msg timestamp="20240111 11:48:09.310" level="INFO">${sheets} = ['Portal', 'OneMapRouting', 'Arc_GIS', 'Master']</msg>
<status status="PASS" starttime="20240111 11:48:09.310" endtime="20240111 11:48:09.310"/>
</kw>
<kw name="Read Excel Cell" library="ExcelLibrary">
<var>${data}</var>
<arg>${rownum}</arg>
<arg>${colnum}</arg>
<arg>${sheet_name}</arg>
<doc>Returns content of a cell.</doc>
<msg timestamp="20240111 11:48:09.319" level="INFO">${data} = Welcome2BPX!</msg>
<status status="PASS" starttime="20240111 11:48:09.310" endtime="20240111 11:48:09.319"/>
</kw>
<kw name="Close Current Excel Document" library="ExcelLibrary">
<doc>Closes current document.</doc>
<status status="PASS" starttime="20240111 11:48:09.319" endtime="20240111 11:48:09.319"/>
</kw>
<msg timestamp="20240111 11:48:09.322" level="INFO">${Password} = Welcome2BPX!</msg>
<status status="PASS" starttime="20240111 11:48:09.272" endtime="20240111 11:48:09.322"/>
</kw>
<kw name="Read_Data_From_Excel_File" library="Read_data_from_excel_file">
<var>${Business_Unit_Input}</var>
<arg>User_Dashboard.xlsx</arg>
<arg>Arc_GIS</arg>
<arg>7</arg>
<arg>2</arg>
<kw name="Replace String" library="String">
<var>${file_path}</var>
<arg>${file_path1}</arg>
<arg>filename</arg>
<arg>${filename}</arg>
<doc>Replaces ``search_for`` in the given ``string`` with ``replace_with``.</doc>
<msg timestamp="20240111 11:48:09.323" level="INFO">${file_path} = C:\Users\10712370\PycharmProjects\pythonProject\BPxPoc\Utilities\..\TestData\User_Dashboard.xlsx</msg>
<status status="PASS" starttime="20240111 11:48:09.323" endtime="20240111 11:48:09.323"/>
</kw>
<kw name="Open Excel Document" library="ExcelLibrary">
<arg>${file_path}</arg>
<arg>doc_id=docid</arg>
<doc>Opens xlsx document file.</doc>
<status status="PASS" starttime="20240111 11:48:09.323" endtime="20240111 11:48:09.371"/>
</kw>
<kw name="Get List Sheet Names" library="ExcelLibrary">
<var>${sheets}</var>
<doc>Returns a list of sheet names in the current document.</doc>
<msg timestamp="20240111 11:48:09.372" level="INFO">${sheets} = ['Portal', 'OneMapRouting', 'Arc_GIS', 'Master']</msg>
<status status="PASS" starttime="20240111 11:48:09.371" endtime="20240111 11:48:09.372"/>
</kw>
<kw name="Read Excel Cell" library="ExcelLibrary">
<var>${data}</var>
<arg>${rownum}</arg>
<arg>${colnum}</arg>
<arg>${sheet_name}</arg>
<doc>Returns content of a cell.</doc>
<msg timestamp="20240111 11:48:09.372" level="INFO">${data} = Permian</msg>
<status status="PASS" starttime="20240111 11:48:09.372" endtime="20240111 11:48:09.372"/>
</kw>
<kw name="Close Current Excel Document" library="ExcelLibrary">
<doc>Closes current document.</doc>
<status status="PASS" starttime="20240111 11:48:09.374" endtime="20240111 11:48:09.374"/>
</kw>
<msg timestamp="20240111 11:48:09.374" level="INFO">${Business_Unit_Input} = Permian</msg>
<status status="PASS" starttime="20240111 11:48:09.322" endtime="20240111 11:48:09.374"/>
</kw>
<kw name="Read_Data_From_Excel_File" library="Read_data_from_excel_file">
<var>${Facility_Input}</var>
<arg>User_Dashboard.xlsx</arg>
<arg>Arc_GIS</arg>
<arg>8</arg>
<arg>2</arg>
<kw name="Replace String" library="String">
<var>${file_path}</var>
<arg>${file_path1}</arg>
<arg>filename</arg>
<arg>${filename}</arg>
<doc>Replaces ``search_for`` in the given ``string`` with ``replace_with``.</doc>
<msg timestamp="20240111 11:48:09.375" level="INFO">${file_path} = C:\Users\10712370\PycharmProjects\pythonProject\BPxPoc\Utilities\..\TestData\User_Dashboard.xlsx</msg>
<status status="PASS" starttime="20240111 11:48:09.375" endtime="20240111 11:48:09.375"/>
</kw>
<kw name="Open Excel Document" library="ExcelLibrary">
<arg>${file_path}</arg>
<arg>doc_id=docid</arg>
<doc>Opens xlsx document file.</doc>
<status status="PASS" starttime="20240111 11:48:09.375" endtime="20240111 11:48:09.407"/>
</kw>
<kw name="Get List Sheet Names" library="ExcelLibrary">
<var>${sheets}</var>
<doc>Returns a list of sheet names in the current document.</doc>
<msg timestamp="20240111 11:48:09.407" level="INFO">${sheets} = ['Portal', 'OneMapRouting', 'Arc_GIS', 'Master']</msg>
<status status="PASS" starttime="20240111 11:48:09.407" endtime="20240111 11:48:09.407"/>
</kw>
<kw name="Read Excel Cell" library="ExcelLibrary">
<var>${data}</var>
<arg>${rownum}</arg>
<arg>${colnum}</arg>
<arg>${sheet_name}</arg>
<doc>Returns content of a cell.</doc>
<msg timestamp="20240111 11:48:09.407" level="INFO">${data} = GRAND SLAM CDP</msg>
<status status="PASS" starttime="20240111 11:48:09.407" endtime="20240111 11:48:09.407"/>
</kw>
<kw name="Close Current Excel Document" library="ExcelLibrary">
<doc>Closes current document.</doc>
<status status="PASS" starttime="20240111 11:48:09.407" endtime="20240111 11:48:09.415"/>
</kw>
<msg timestamp="20240111 11:48:09.416" level="INFO">${Facility_Input} = GRAND SLAM CDP</msg>
<status status="PASS" starttime="20240111 11:48:09.375" endtime="20240111 11:48:09.416"/>
</kw>
<kw name="Read_Data_From_Excel_File" library="Read_data_from_excel_file">
<var>${Gateway_input}</var>
<arg>User_Dashboard.xlsx</arg>
<arg>Arc_GIS</arg>
<arg>9</arg>
<arg>2</arg>
<kw name="Replace String" library="String">
<var>${file_path}</var>
<arg>${file_path1}</arg>
<arg>filename</arg>
<arg>${filename}</arg>
<doc>Replaces ``search_for`` in the given ``string`` with ``replace_with``.</doc>
<msg timestamp="20240111 11:48:09.417" level="INFO">${file_path} = C:\Users\10712370\PycharmProjects\pythonProject\BPxPoc\Utilities\..\TestData\User_Dashboard.xlsx</msg>
<status status="PASS" starttime="20240111 11:48:09.417" endtime="20240111 11:48:09.417"/>
</kw>
<kw name="Open Excel Document" library="ExcelLibrary">
<arg>${file_path}</arg>
<arg>doc_id=docid</arg>
<doc>Opens xlsx document file.</doc>
<status status="PASS" starttime="20240111 11:48:09.417" endtime="20240111 11:48:09.458"/>
</kw>
<kw name="Get List Sheet Names" library="ExcelLibrary">
<var>${sheets}</var>
<doc>Returns a list of sheet names in the current document.</doc>
<msg timestamp="20240111 11:48:09.458" level="INFO">${sheets} = ['Portal', 'OneMapRouting', 'Arc_GIS', 'Master']</msg>
<status status="PASS" starttime="20240111 11:48:09.458" endtime="20240111 11:48:09.458"/>
</kw>
<kw name="Read Excel Cell" library="ExcelLibrary">
<var>${data}</var>
<arg>${rownum}</arg>
<arg>${colnum}</arg>
<arg>${sheet_name}</arg>
<doc>Returns content of a cell.</doc>
<msg timestamp="20240111 11:48:09.458" level="INFO">${data} = ngw-perm-ms-001</msg>
<status status="PASS" starttime="20240111 11:48:09.458" endtime="20240111 11:48:09.458"/>
</kw>
<kw name="Close Current Excel Document" library="ExcelLibrary">
<doc>Closes current document.</doc>
<status status="PASS" starttime="20240111 11:48:09.458" endtime="20240111 11:48:09.458"/>
</kw>
<msg timestamp="20240111 11:48:09.458" level="INFO">${Gateway_input} = ngw-perm-ms-001</msg>
<status status="PASS" starttime="20240111 11:48:09.416" endtime="20240111 11:48:09.458"/>
</kw>
<kw name="Read_Data_From_Excel_File" library="Read_data_from_excel_file">
<var>${Device_Input}</var>
<arg>User_Dashboard.xlsx</arg>
<arg>Arc_GIS</arg>
<arg>10</arg>
<arg>2</arg>
<kw name="Replace String" library="String">
<var>${file_path}</var>
<arg>${file_path1}</arg>
<arg>filename</arg>
<arg>${filename}</arg>
<doc>Replaces ``search_for`` in the given ``string`` with ``replace_with``.</doc>
<msg timestamp="20240111 11:48:09.458" level="INFO">${file_path} = C:\Users\10712370\PycharmProjects\pythonProject\BPxPoc\Utilities\..\TestData\User_Dashboard.xlsx</msg>
<status status="PASS" starttime="20240111 11:48:09.458" endtime="20240111 11:48:09.458"/>
</kw>
<kw name="Open Excel Document" library="ExcelLibrary">
<arg>${file_path}</arg>
<arg>doc_id=docid</arg>
<doc>Opens xlsx document file.</doc>
<status status="PASS" starttime="20240111 11:48:09.458" endtime="20240111 11:48:09.489"/>
</kw>
<kw name="Get List Sheet Names" library="ExcelLibrary">
<var>${sheets}</var>
<doc>Returns a list of sheet names in the current document.</doc>
<msg timestamp="20240111 11:48:09.489" level="INFO">${sheets} = ['Portal', 'OneMapRouting', 'Arc_GIS', 'Master']</msg>
<status status="PASS" starttime="20240111 11:48:09.489" endtime="20240111 11:48:09.489"/>
</kw>
<kw name="Read Excel Cell" library="ExcelLibrary">
<var>${data}</var>
<arg>${rownum}</arg>
<arg>${colnum}</arg>
<arg>${sheet_name}</arg>
<doc>Returns content of a cell.</doc>
<msg timestamp="20240111 11:48:09.489" level="INFO">${data} = None</msg>
<status status="PASS" starttime="20240111 11:48:09.489" endtime="20240111 11:48:09.489"/>
</kw>
<kw name="Close Current Excel Document" library="ExcelLibrary">
<doc>Closes current document.</doc>
<status status="PASS" starttime="20240111 11:48:09.489" endtime="20240111 11:48:09.489"/>
</kw>
<msg timestamp="20240111 11:48:09.497" level="INFO">${Device_Input} = None</msg>
<status status="PASS" starttime="20240111 11:48:09.458" endtime="20240111 11:48:09.497"/>
</kw>
<kw name="Set Global Variable" library="BuiltIn">
<arg>${BROWSER}</arg>
<doc>Makes a variable available globally in all tests and suites.</doc>
<msg timestamp="20240111 11:48:09.499" level="INFO">${BROWSER} = Chrome</msg>
<status status="PASS" starttime="20240111 11:48:09.499" endtime="20240111 11:48:09.499"/>
</kw>
<kw name="Set Global Variable" library="BuiltIn">
<arg>${GIS_URL}</arg>
<doc>Makes a variable available globally in all tests and suites.</doc>
<msg timestamp="20240111 11:48:09.503" level="INFO">${GIS_URL} = https://onemap.bpx.com/portal/apps/dashboards/8eead05d24e04e2ca5b1212e2bbab3b6</msg>
<status status="PASS" starttime="20240111 11:48:09.499" endtime="20240111 11:48:09.503"/>
</kw>
<kw name="Set Global Variable" library="BuiltIn">
<arg>${GPS_URL}</arg>
<doc>Makes a variable available globally in all tests and suites.</doc>
<msg timestamp="20240111 11:48:09.503" level="INFO">${GPS_URL} = https://onemap.bpx.com/portal/apps/webappviewer/index.html?id=9226c6c1d0c844cfa5ae0a0cc8908ddc</msg>
<status status="PASS" starttime="20240111 11:48:09.503" endtime="20240111 11:48:09.503"/>
</kw>
<kw name="Set Global Variable" library="BuiltIn">
<arg>${UserName}</arg>
<doc>Makes a variable available globally in all tests and suites.</doc>
<msg timestamp="20240111 11:48:09.505" level="INFO">${UserName} = qeadmin</msg>
<status status="PASS" starttime="20240111 11:48:09.504" endtime="20240111 11:48:09.505"/>
</kw>
<kw name="Set Global Variable" library="BuiltIn">
<arg>${Password}</arg>
<doc>Makes a variable available globally in all tests and suites.</doc>
<msg timestamp="20240111 11:48:09.505" level="INFO">${Password} = Welcome2BPX!</msg>
<status status="PASS" starttime="20240111 11:48:09.505" endtime="20240111 11:48:09.505"/>
</kw>
<kw name="Set Global Variable" library="BuiltIn">
<arg>${Business_Unit_Input}</arg>
<doc>Makes a variable available globally in all tests and suites.</doc>
<msg timestamp="20240111 11:48:09.505" level="INFO">${Business_Unit_Input} = Permian</msg>
<status status="PASS" starttime="20240111 11:48:09.505" endtime="20240111 11:48:09.505"/>
</kw>
<kw name="Set Global Variable" library="BuiltIn">
<arg>${Facility_Input}</arg>
<doc>Makes a variable available globally in all tests and suites.</doc>
<msg timestamp="20240111 11:48:09.505" level="INFO">${Facility_Input} = GRAND SLAM CDP</msg>
<status status="PASS" starttime="20240111 11:48:09.505" endtime="20240111 11:48:09.505"/>
</kw>
<kw name="Set Global Variable" library="BuiltIn">
<arg>${Gateway_input}</arg>
<doc>Makes a variable available globally in all tests and suites.</doc>
<msg timestamp="20240111 11:48:09.505" level="INFO">${Gateway_input} = ngw-perm-ms-001</msg>
<status status="PASS" starttime="20240111 11:48:09.505" endtime="20240111 11:48:09.505"/>
</kw>
<kw name="Set Global Variable" library="BuiltIn">
<arg>${Device_Input}</arg>
<doc>Makes a variable available globally in all tests and suites.</doc>
<msg timestamp="20240111 11:48:09.505" level="INFO">${Device_Input} = None</msg>
<status status="PASS" starttime="20240111 11:48:09.505" endtime="20240111 11:48:09.505"/>
</kw>
<status status="PASS" starttime="20240111 11:48:09.115" endtime="20240111 11:48:09.505"/>
</kw>
<kw name="Wait Until Element Is Visible" library="SeleniumLibrary">
<arg>${Gateway_DD_Click_btn}</arg>
<arg>10s</arg>
<doc>Waits until the element ``locator`` is visible.</doc>
<status status="PASS" starttime="20240111 11:48:09.505" endtime="20240111 11:48:09.910"/>
</kw>
<kw name="Click Element" library="SeleniumLibrary">
<arg>${Gateway_DD_Click_btn}</arg>
<doc>Click the element identified by ``locator``.</doc>
<msg timestamp="20240111 11:48:09.910" level="INFO">Clicking element 'xpath=//span[@title='Gateway']'.</msg>
<status status="PASS" starttime="20240111 11:48:09.910" endtime="20240111 11:48:10.524"/>
</kw>
<kw name="Select_from_Drop_Down_value" library="ArcGIS_Constants">
<arg>${Gateway_input}</arg>
<kw name="Replace String" library="String">
<var>${New_element}</var>
<arg>${DD_Value_Selection}</arg>
<arg>value</arg>
<arg>${Selection_Value}</arg>
<doc>Replaces ``search_for`` in the given ``string`` with ``replace_with``.</doc>
<msg timestamp="20240111 11:48:10.532" level="INFO">${New_element} = xpath=//div[@class='dropdown-menu is-active popper']//label/span[text()='ngw-perm-ms-001']</msg>
<status status="PASS" starttime="20240111 11:48:10.531" endtime="20240111 11:48:10.532"/>
</kw>
<kw name="Wait Until Element Is Visible" library="SeleniumLibrary">
<arg>${New_element}</arg>
<arg>10s</arg>
<doc>Waits until the element ``locator`` is visible.</doc>
<status status="PASS" starttime="20240111 11:48:10.532" endtime="20240111 11:48:10.592"/>
</kw>
<kw name="Click Element" library="SeleniumLibrary">
<arg>${New_element}</arg>
<doc>Click the element identified by ``locator``.</doc>
<msg timestamp="20240111 11:48:10.594" level="INFO">Clicking element 'xpath=//div[@class='dropdown-menu is-active popper']//label/span[text()='ngw-perm-ms-001']'.</msg>
<status status="PASS" starttime="20240111 11:48:10.594" endtime="20240111 11:48:10.730"/>
</kw>
<status status="PASS" starttime="20240111 11:48:10.531" endtime="20240111 11:48:10.730"/>
</kw>
<status status="PASS" starttime="20240111 11:48:09.115" endtime="20240111 11:48:10.730"/>
</kw>
<status status="PASS" starttime="20240111 11:47:30.185" endtime="20240111 11:48:10.731"/>
</test>
<status status="PASS" starttime="20240111 11:47:28.330" endtime="20240111 11:48:10.732"/>
</suite>
<statistics>
<total>
<stat pass="1" fail="0" skip="0">All Tests</stat>
</total>
<tag>
</tag>
<suite>
<stat pass="1" fail="0" skip="0" id="s1" name="Validate if MidStream Dashboard is loading">Validate if MidStream Dashboard is loading</stat>
</suite>
</statistics>
<errors>
<msg timestamp="20240111 11:47:28.693" level="ERROR">Error in file 'C:\Users\10712370\PycharmProjects\pythonProject\BPxPoc\Resources\OneMap\Keywords\ArcGIS_LogIn.robot' on line 62: Creating keyword 'Close Browser One Map' failed: User keyword cannot be empty.</msg>
<msg timestamp="20240111 11:47:30.179" level="ERROR">[ DataDriver ] Error in robot file:
  File "C:\Users\10712370\PycharmProjects\pythonProject\BPxPoc\Tests\OneMap\TestCase\Validate_if_MidStream_Dashboard_is_loading.robot", line 0</msg>
<msg timestamp="20240111 11:47:30.179" level="ERROR">In source file:
  File "C:\Users\10712370\PycharmProjects\pythonProject\BPxPoc\Tests\OneMap\TestCase\..\..\..\TestData\DataOneMap.xls", line 0</msg>
<msg timestamp="20240111 11:47:30.184" level="ERROR">Calling method '_start_suite' of listener 'DataDriver' failed: AttributeError: No "Test Template" keyword found for first test case.</msg>
</errors>
</robot>
