<?xml version="1.0" encoding="UTF-8"?>
<robot generator="Robot 6.1.1 (Python 3.12.1 on win32)" generated="20231229 00:05:29.392" rpa="false" schemaversion="4">
<suite id="s1" name="Validate file upload functionality Multiple files" source="C:\Users\10712370\PycharmProjects\pythonProject\BPxPoc\Tests\Portal\TestCase\Validate_file_upload_functionality_Multiple_files.robot">
<test id="s1-t1" name="Validate_File_upload_functionality_via_Drag_Drop_File_From_local" line="20">
<kw name="Data Portal MFA Login" library="DataPortal_LogIn">
<kw name="Open Browser" library="SeleniumLibrary">
<arg>${Login_URL}</arg>
<arg>chrome</arg>
<arg>options=add_argument("--incognito");add_experimental_option("detach", True)</arg>
<doc>Opens a new browser instance to the optional ``url``.</doc>
<msg timestamp="20231229 00:05:29.851" level="INFO">Opening browser 'chrome' to base url 'https://portal.stage.intranet.bpx.com/'.</msg>
<status status="PASS" starttime="20231229 00:05:29.851" endtime="20231229 00:05:37.020"/>
</kw>
<kw name="Maximize Browser Window" library="SeleniumLibrary">
<doc>Maximizes current browser window.</doc>
<status status="PASS" starttime="20231229 00:05:37.020" endtime="20231229 00:05:37.215"/>
</kw>
<kw name="Wait Until Element Is Visible" library="SeleniumLibrary">
<arg>${Login_page_username}</arg>
<doc>Waits until the element ``locator`` is visible.</doc>
<status status="PASS" starttime="20231229 00:05:37.215" endtime="20231229 00:05:38.117"/>
</kw>
<kw name="Input Text" library="SeleniumLibrary">
<arg>${Login_page_username}</arg>
<arg>${UserName}</arg>
<doc>Types the given ``text`` into the text field identified by ``locator``.</doc>
<msg timestamp="20231229 00:05:38.118" level="INFO">Typing text 'SVC-AUTOFRAMEWORK-TEST-S@bpx.com' into text field 'id=i0116'.</msg>
<status status="PASS" starttime="20231229 00:05:38.117" endtime="20231229 00:05:38.246"/>
</kw>
<kw name="Click Element" library="SeleniumLibrary">
<arg>${Login_Page_username_next_btn}</arg>
<doc>Click the element identified by ``locator``.</doc>
<msg timestamp="20231229 00:05:38.247" level="INFO">Clicking element 'id=idSIButton9'.</msg>
<status status="PASS" starttime="20231229 00:05:38.246" endtime="20231229 00:05:38.301"/>
</kw>
<kw name="Wait Until Element Is Visible" library="SeleniumLibrary">
<arg>${Login_page_password}</arg>
<doc>Waits until the element ``locator`` is visible.</doc>
<status status="PASS" starttime="20231229 00:05:38.301" endtime="20231229 00:05:39.608"/>
</kw>
<kw name="Input Text" library="SeleniumLibrary">
<arg>${Login_page_password}</arg>
<arg>${Password}</arg>
<doc>Types the given ``text`` into the text field identified by ``locator``.</doc>
<msg timestamp="20231229 00:05:39.609" level="INFO">Typing text 'xGP&amp;X8L6M2#9(f^$' into text field 'id=i0118'.</msg>
<status status="PASS" starttime="20231229 00:05:39.608" endtime="20231229 00:05:39.681"/>
</kw>
<kw name="Click Element" library="SeleniumLibrary">
<arg>${Login_page_login_btn}</arg>
<doc>Click the element identified by ``locator``.</doc>
<msg timestamp="20231229 00:05:39.681" level="INFO">Clicking element 'idSIButton9'.</msg>
<status status="PASS" starttime="20231229 00:05:39.681" endtime="20231229 00:05:40.647"/>
</kw>
<kw name="Wait For Condition" library="SeleniumLibrary">
<arg>return document.readyState == "complete"</arg>
<doc>Waits until ``condition`` is true or ``timeout`` expires.</doc>
<status status="PASS" starttime="20231229 00:05:40.647" endtime="20231229 00:05:40.658"/>
</kw>
<status status="PASS" starttime="20231229 00:05:29.851" endtime="20231229 00:05:40.658"/>
</kw>
<kw name="Sleep" library="BuiltIn">
<arg>10</arg>
<doc>Pauses the test executed for the given time.</doc>
<msg timestamp="20231229 00:05:50.659" level="INFO">Slept 10 seconds</msg>
<status status="PASS" starttime="20231229 00:05:40.659" endtime="20231229 00:05:50.659"/>
</kw>
<kw name="Wait Until Element Is Visible" library="SeleniumLibrary">
<arg>${Pads_Tab}</arg>
<doc>Waits until the element ``locator`` is visible.</doc>
<status status="PASS" starttime="20231229 00:05:50.661" endtime="20231229 00:05:50.705"/>
</kw>
<kw name="Click Element" library="SeleniumLibrary">
<arg>${Pads_Tab}</arg>
<doc>Click the element identified by ``locator``.</doc>
<msg timestamp="20231229 00:05:50.705" level="INFO">Clicking element 'id=pads'.</msg>
<status status="PASS" starttime="20231229 00:05:50.705" endtime="20231229 00:05:50.810"/>
</kw>
<kw name="Pads_Filter_Function_using_Arrow" library="DataPortal_Pads">
<arg>gre</arg>
<kw name="Click Element" library="SeleniumLibrary">
<arg>${Pad_Name_DD_Arrow}</arg>
<doc>Click the element identified by ``locator``.</doc>
<msg timestamp="20231229 00:05:50.812" level="INFO">Clicking element 'xpath=//*[local-name()='svg' and @fill='none']'.</msg>
<status status="PASS" starttime="20231229 00:05:50.811" endtime="20231229 00:05:51.352"/>
</kw>
<kw name="Sleep" library="BuiltIn">
<arg>3</arg>
<doc>Pauses the test executed for the given time.</doc>
<msg timestamp="20231229 00:05:54.354" level="INFO">Slept 3 seconds</msg>
<status status="PASS" starttime="20231229 00:05:51.352" endtime="20231229 00:05:54.354"/>
</kw>
<kw name="Click Element" library="SeleniumLibrary">
<arg>${Pad_Select_pad_name_from_dd}</arg>
<doc>Click the element identified by ``locator``.</doc>
<msg timestamp="20231229 00:05:54.355" level="INFO">Clicking element 'xpath=//span[contains(text(),'Pad Name')]'.</msg>
<status status="PASS" starttime="20231229 00:05:54.354" endtime="20231229 00:05:54.444"/>
</kw>
<kw name="Input_Pad_Filter" library="DataPortal_Pads">
<arg>${Pad_Search_input}</arg>
<arg>${Pad_filter_Value}</arg>
<doc>used to input value in Filter dropdown</doc>
<kw name="Wait Until Element Is Visible" library="SeleniumLibrary">
<arg>${Element}</arg>
<doc>Waits until the element ``locator`` is visible.</doc>
<status status="PASS" starttime="20231229 00:05:54.445" endtime="20231229 00:05:54.471"/>
</kw>
<kw name="Clear Element Text" library="SeleniumLibrary">
<arg>${Element}</arg>
<doc>Clears the value of the text-input-element identified by ``locator``.</doc>
<status status="PASS" starttime="20231229 00:05:54.471" endtime="20231229 00:05:54.505"/>
</kw>
<kw name="Input Text" library="SeleniumLibrary">
<arg>${Element}</arg>
<arg>${Pad_filter_Value}</arg>
<doc>Types the given ``text`` into the text field identified by ``locator``.</doc>
<msg timestamp="20231229 00:05:54.506" level="INFO">Typing text 'gre' into text field 'id=mat-input-3'.</msg>
<status status="PASS" starttime="20231229 00:05:54.506" endtime="20231229 00:05:54.594"/>
</kw>
<status status="PASS" starttime="20231229 00:05:54.444" endtime="20231229 00:05:54.594"/>
</kw>
<kw name="Wait Until Element Is Enabled" library="SeleniumLibrary">
<arg>${pads_apply_filter}</arg>
<doc>Waits until the element ``locator`` is enabled.</doc>
<status status="PASS" starttime="20231229 00:05:54.594" endtime="20231229 00:05:54.623"/>
</kw>
<kw name="Click_Button" library="DataPortal_Pads">
<arg>${pads_apply_filter}</arg>
<kw name="Wait Until Element Is Visible" library="SeleniumLibrary">
<arg>${Element}</arg>
<doc>Waits until the element ``locator`` is visible.</doc>
<status status="PASS" starttime="20231229 00:05:54.624" endtime="20231229 00:05:54.639"/>
</kw>
<kw name="Click Element" library="SeleniumLibrary">
<arg>${Element}</arg>
<doc>Click the element identified by ``locator``.</doc>
<msg timestamp="20231229 00:05:54.639" level="INFO">Clicking element 'xpath=//input[@id='mat-input-3']//following-sibling::div//button[contains(text(),'Apply Filters')]'.</msg>
<status status="PASS" starttime="20231229 00:05:54.639" endtime="20231229 00:05:54.724"/>
</kw>
<status status="PASS" starttime="20231229 00:05:54.624" endtime="20231229 00:05:54.724"/>
</kw>
<status status="PASS" starttime="20231229 00:05:50.811" endtime="20231229 00:05:54.724"/>
</kw>
<kw name="Minwindow" library="Custome_Methods">
<msg timestamp="20231229 00:05:55.535" level="INFO">calles python function</msg>
<status status="PASS" starttime="20231229 00:05:54.724" endtime="20231229 00:05:55.535"/>
</kw>
<kw name="Sleep" library="BuiltIn">
<arg>5</arg>
<doc>Pauses the test executed for the given time.</doc>
<msg timestamp="20231229 00:06:00.538" level="INFO">Slept 5 seconds</msg>
<status status="PASS" starttime="20231229 00:05:55.537" endtime="20231229 00:06:00.538"/>
</kw>
<kw name="Click Element" library="SeleniumLibrary">
<arg>${Pads_Table_only_Padname_Value}</arg>
<doc>Click the element identified by ``locator``.</doc>
<msg timestamp="20231229 00:06:00.539" level="INFO">Clicking element 'xpath=//th[contains(text(),'pad ID') and @role='columnheader']//parent::tr//parent::thead//parent::table//tr//td[@class='mat-mdc-cell mdc-data-table__cell cdk-cell cell cdk-column-pad_name mat-column-pad_name ng-star-inserted']'.</msg>
<status status="PASS" starttime="20231229 00:06:00.538" endtime="20231229 00:06:00.629"/>
</kw>
<kw name="Sleep" library="BuiltIn">
<arg>5</arg>
<doc>Pauses the test executed for the given time.</doc>
<msg timestamp="20231229 00:06:05.630" level="INFO">Slept 5 seconds</msg>
<status status="PASS" starttime="20231229 00:06:00.630" endtime="20231229 00:06:05.630"/>
</kw>
<kw name="Select_side_panel" library="DataPortal_Pads">
<kw name="Wait Until Element Is Visible" library="SeleniumLibrary">
<arg>${Pads_Side_Extend_Tab}</arg>
<doc>Waits until the element ``locator`` is visible.</doc>
<status status="PASS" starttime="20231229 00:06:05.630" endtime="20231229 00:06:05.653"/>
</kw>
<kw name="Click Element" library="SeleniumLibrary">
<arg>${Pads_Side_Extend_Tab}</arg>
<doc>Click the element identified by ``locator``.</doc>
<msg timestamp="20231229 00:06:05.654" level="INFO">Clicking element '//div[@class='main-table-container']//app-details-form-window/div/div[@class='expand-tab']'.</msg>
<status status="PASS" starttime="20231229 00:06:05.653" endtime="20231229 00:06:05.728"/>
</kw>
<status status="PASS" starttime="20231229 00:06:05.630" endtime="20231229 00:06:05.728"/>
</kw>
<kw name="Wait Until Element Is Visible" library="SeleniumLibrary">
<arg>${Pads_Ex_Tab_Pad_data_Attachemnts}</arg>
<doc>Waits until the element ``locator`` is visible.</doc>
<status status="PASS" starttime="20231229 00:06:05.728" endtime="20231229 00:06:05.764"/>
</kw>
<kw name="Click Element" library="SeleniumLibrary">
<arg>${Pads_Ex_Tab_Pad_data_Attachemnts}</arg>
<doc>Click the element identified by ``locator``.</doc>
<msg timestamp="20231229 00:06:05.765" level="INFO">Clicking element 'xpath=//div[@id='cdk-accordion-child-4'  or  @class='mat-expansion-panel-content ng-tns-c1859850774-13 ng-trigger ng-trigger-bodyExpansion']/div/button[contains(text(),'Attachments')]'.</msg>
<status status="PASS" starttime="20231229 00:06:05.764" endtime="20231229 00:06:05.930"/>
</kw>
<kw name="Sleep" library="BuiltIn">
<arg>5</arg>
<doc>Pauses the test executed for the given time.</doc>
<msg timestamp="20231229 00:06:10.931" level="INFO">Slept 5 seconds</msg>
<status status="PASS" starttime="20231229 00:06:05.930" endtime="20231229 00:06:10.931"/>
</kw>
<kw name="Click Element" library="SeleniumLibrary">
<arg>${Pads_Ex_Tab_Pad_data_Attachements_first_area_Browse_file_btn}</arg>
<doc>Click the element identified by ``locator``.</doc>
<msg timestamp="20231229 00:06:10.932" level="INFO">Clicking element 'xpath=(//button[contains(text(),' Browse Files ')])[1]'.</msg>
<status status="PASS" starttime="20231229 00:06:10.932" endtime="20231229 00:06:11.008"/>
</kw>
<kw name="Upload Files" library="Custome_Methods">
<arg>${Uploading_files}</arg>
<status status="PASS" starttime="20231229 00:06:11.008" endtime="20231229 00:06:18.168"/>
</kw>
<kw name="Get_all_uploaded_file_list" library="DataPortal_Pads">
<var>${list_of_files_uploaded}</var>
<kw name="Get WebElements" library="SeleniumLibrary">
<var>${list_of_elements}</var>
<arg>${Pads_Ex_Tab_Pad_data_Attachements_first_uploaded_doc_name}</arg>
<doc>Returns a list of WebElement objects matching the ``locator``.</doc>
<msg timestamp="20231229 00:06:18.197" level="INFO">${list_of_elements} = [&lt;selenium.webdriver.remote.webelement.WebElement (session="dc0a09a5ee38c48c5254caeaea36543d", element="1F38104C8BBE927F14428A0AE0D57FF6_element_198")&gt;, &lt;selenium.webdriver.remote.webelement.WebElemen...</msg>
<status status="PASS" starttime="20231229 00:06:18.170" endtime="20231229 00:06:18.197"/>
</kw>
<kw name="Get Element Count" library="SeleniumLibrary">
<var>${Element_count}</var>
<arg>${Pads_Ex_Tab_Pad_data_Attachements_first_uploaded_doc_name}</arg>
<doc>Returns the number of elements matching ``locator``.</doc>
<msg timestamp="20231229 00:06:18.210" level="INFO">${Element_count} = 4</msg>
<status status="PASS" starttime="20231229 00:06:18.197" endtime="20231229 00:06:18.210"/>
</kw>
<kw name="Log To Console" library="BuiltIn">
<arg>Total_file_countis=${Element_count}</arg>
<doc>Logs the given message to the console.</doc>
<status status="PASS" starttime="20231229 00:06:18.210" endtime="20231229 00:06:18.211"/>
</kw>
<kw name="Create List" library="BuiltIn">
<var>${list}</var>
<doc>Returns a list containing given items.</doc>
<msg timestamp="20231229 00:06:18.211" level="INFO">${list} = []</msg>
<status status="PASS" starttime="20231229 00:06:18.211" endtime="20231229 00:06:18.211"/>
</kw>
<for flavor="IN">
<var>${i}</var>
<value>@{list_of_elements}</value>
<iter>
<var name="${i}">&lt;selenium.webdriver.remote.webelement.WebElement (session="dc0a09a5ee38c48c5254caeaea36543d", element="1F38104C8BBE927F14428A0AE0D57FF6_element_198")&gt;</var>
<kw name="Scroll Element Into View" library="SeleniumLibrary">
<arg>${i}</arg>
<doc>Scrolls the element identified by ``locator`` into view.</doc>
<status status="PASS" starttime="20231229 00:06:18.211" endtime="20231229 00:06:18.504"/>
</kw>
<kw name="Log To Console" library="BuiltIn">
<arg>${i.text}</arg>
<doc>Logs the given message to the console.</doc>
<status status="PASS" starttime="20231229 00:06:18.504" endtime="20231229 00:06:18.536"/>
</kw>
<kw name="Get Text" library="SeleniumLibrary">
<var>${get_text}</var>
<arg>${i}</arg>
<doc>Returns the text value of the element identified by ``locator``.</doc>
<msg timestamp="20231229 00:06:18.548" level="INFO">${get_text} = Test_PPT_file.pptx</msg>
<status status="PASS" starttime="20231229 00:06:18.536" endtime="20231229 00:06:18.548"/>
</kw>
<kw name="Append To List" library="Collections">
<arg>${list}</arg>
<arg>${get_text}</arg>
<doc>Adds ``values`` to the end of ``list``.</doc>
<status status="PASS" starttime="20231229 00:06:18.549" endtime="20231229 00:06:18.549"/>
</kw>
<status status="PASS" starttime="20231229 00:06:18.211" endtime="20231229 00:06:18.549"/>
</iter>
<iter>
<var name="${i}">&lt;selenium.webdriver.remote.webelement.WebElement (session="dc0a09a5ee38c48c5254caeaea36543d", element="1F38104C8BBE927F14428A0AE0D57FF6_element_199")&gt;</var>
<kw name="Scroll Element Into View" library="SeleniumLibrary">
<arg>${i}</arg>
<doc>Scrolls the element identified by ``locator`` into view.</doc>
<status status="PASS" starttime="20231229 00:06:18.549" endtime="20231229 00:06:18.833"/>
</kw>
<kw name="Log To Console" library="BuiltIn">
<arg>${i.text}</arg>
<doc>Logs the given message to the console.</doc>
<status status="PASS" starttime="20231229 00:06:18.834" endtime="20231229 00:06:18.864"/>
</kw>
<kw name="Get Text" library="SeleniumLibrary">
<var>${get_text}</var>
<arg>${i}</arg>
<doc>Returns the text value of the element identified by ``locator``.</doc>
<msg timestamp="20231229 00:06:18.894" level="INFO">${get_text} = Test_csv_file.csv</msg>
<status status="PASS" starttime="20231229 00:06:18.864" endtime="20231229 00:06:18.894"/>
</kw>
<kw name="Append To List" library="Collections">
<arg>${list}</arg>
<arg>${get_text}</arg>
<doc>Adds ``values`` to the end of ``list``.</doc>
<status status="PASS" starttime="20231229 00:06:18.894" endtime="20231229 00:06:18.894"/>
</kw>
<status status="PASS" starttime="20231229 00:06:18.549" endtime="20231229 00:06:18.894"/>
</iter>
<iter>
<var name="${i}">&lt;selenium.webdriver.remote.webelement.WebElement (session="dc0a09a5ee38c48c5254caeaea36543d", element="1F38104C8BBE927F14428A0AE0D57FF6_element_200")&gt;</var>
<kw name="Scroll Element Into View" library="SeleniumLibrary">
<arg>${i}</arg>
<doc>Scrolls the element identified by ``locator`` into view.</doc>
<status status="PASS" starttime="20231229 00:06:18.895" endtime="20231229 00:06:19.181"/>
</kw>
<kw name="Log To Console" library="BuiltIn">
<arg>${i.text}</arg>
<doc>Logs the given message to the console.</doc>
<status status="PASS" starttime="20231229 00:06:19.181" endtime="20231229 00:06:19.204"/>
</kw>
<kw name="Get Text" library="SeleniumLibrary">
<var>${get_text}</var>
<arg>${i}</arg>
<doc>Returns the text value of the element identified by ``locator``.</doc>
<msg timestamp="20231229 00:06:19.221" level="INFO">${get_text} = template_01.docx</msg>
<status status="PASS" starttime="20231229 00:06:19.204" endtime="20231229 00:06:19.221"/>
</kw>
<kw name="Append To List" library="Collections">
<arg>${list}</arg>
<arg>${get_text}</arg>
<doc>Adds ``values`` to the end of ``list``.</doc>
<status status="PASS" starttime="20231229 00:06:19.221" endtime="20231229 00:06:19.223"/>
</kw>
<status status="PASS" starttime="20231229 00:06:18.894" endtime="20231229 00:06:19.223"/>
</iter>
<iter>
<var name="${i}">&lt;selenium.webdriver.remote.webelement.WebElement (session="dc0a09a5ee38c48c5254caeaea36543d", element="1F38104C8BBE927F14428A0AE0D57FF6_element_201")&gt;</var>
<kw name="Scroll Element Into View" library="SeleniumLibrary">
<arg>${i}</arg>
<doc>Scrolls the element identified by ``locator`` into view.</doc>
<status status="PASS" starttime="20231229 00:06:19.223" endtime="20231229 00:06:19.504"/>
</kw>
<kw name="Log To Console" library="BuiltIn">
<arg>${i.text}</arg>
<doc>Logs the given message to the console.</doc>
<status status="PASS" starttime="20231229 00:06:19.504" endtime="20231229 00:06:19.543"/>
</kw>
<kw name="Get Text" library="SeleniumLibrary">
<var>${get_text}</var>
<arg>${i}</arg>
<doc>Returns the text value of the element identified by ``locator``.</doc>
<msg timestamp="20231229 00:06:19.562" level="INFO">${get_text} = d1161eda-bf58-4076-ad23-7979f913f869.pptx</msg>
<status status="PASS" starttime="20231229 00:06:19.543" endtime="20231229 00:06:19.562"/>
</kw>
<kw name="Append To List" library="Collections">
<arg>${list}</arg>
<arg>${get_text}</arg>
<doc>Adds ``values`` to the end of ``list``.</doc>
<status status="PASS" starttime="20231229 00:06:19.562" endtime="20231229 00:06:19.563"/>
</kw>
<status status="PASS" starttime="20231229 00:06:19.223" endtime="20231229 00:06:19.563"/>
</iter>
<status status="PASS" starttime="20231229 00:06:18.211" endtime="20231229 00:06:19.563"/>
</for>
<kw name="Log To Console" library="BuiltIn">
<arg>List_Of_Files= ${list}</arg>
<doc>Logs the given message to the console.</doc>
<status status="PASS" starttime="20231229 00:06:19.563" endtime="20231229 00:06:19.563"/>
</kw>
<msg timestamp="20231229 00:06:19.563" level="INFO">${list_of_files_uploaded} = ['Test_PPT_file.pptx', 'Test_csv_file.csv', 'template_01.docx', 'd1161eda-bf58-4076-ad23-7979f913f869.pptx']</msg>
<status status="PASS" starttime="20231229 00:06:18.169" endtime="20231229 00:06:19.563"/>
</kw>
<for flavor="IN">
<var>${file_name}</var>
<value>@{Uploading_file_names}</value>
<iter>
<var name="${file_name}">Test_csv_file.csv</var>
<kw name="List Should Contain Value" library="Collections">
<arg>${list_of_files_uploaded}</arg>
<arg>${file_name}</arg>
<doc>Fails if the ``value`` is not found from ``list``.</doc>
<status status="PASS" starttime="20231229 00:06:19.564" endtime="20231229 00:06:19.564"/>
</kw>
<status status="PASS" starttime="20231229 00:06:19.564" endtime="20231229 00:06:19.564"/>
</iter>
<iter>
<var name="${file_name}">Test_PPT_file.pptx</var>
<kw name="List Should Contain Value" library="Collections">
<arg>${list_of_files_uploaded}</arg>
<arg>${file_name}</arg>
<doc>Fails if the ``value`` is not found from ``list``.</doc>
<status status="PASS" starttime="20231229 00:06:19.564" endtime="20231229 00:06:19.565"/>
</kw>
<status status="PASS" starttime="20231229 00:06:19.564" endtime="20231229 00:06:19.565"/>
</iter>
<status status="PASS" starttime="20231229 00:06:19.564" endtime="20231229 00:06:19.565"/>
</for>
<status status="PASS" starttime="20231229 00:05:29.849" endtime="20231229 00:06:19.565"/>
</test>
<status status="PASS" starttime="20231229 00:05:29.393" endtime="20231229 00:06:19.566"/>
</suite>
<statistics>
<total>
<stat pass="1" fail="0" skip="0">All Tests</stat>
</total>
<tag>
</tag>
<suite>
<stat pass="1" fail="0" skip="0" id="s1" name="Validate file upload functionality Multiple files">Validate file upload functionality Multiple files</stat>
</suite>
</statistics>
<errors>
<msg timestamp="20231229 00:05:29.688" level="ERROR">Error in file 'C:\Users\10712370\PycharmProjects\pythonProject\BPxPoc\Resources\Portal\Keywords\DataPortal_Pads.robot' on line 19: Creating keyword 'Select Pad Filter' failed: User keyword cannot be empty.</msg>
<msg timestamp="20231229 00:05:29.845" level="ERROR">[ DataDriver ] Error in robot file:
  File "C:\Users\10712370\PycharmProjects\pythonProject\BPxPoc\Tests\Portal\TestCase\Validate_file_upload_functionality_Multiple_files.robot", line 0</msg>
<msg timestamp="20231229 00:05:29.845" level="ERROR">In source file:
  File "../../../TestData/Database.xls", line 0</msg>
<msg timestamp="20231229 00:05:29.847" level="ERROR">Calling method '_start_suite' of listener 'DataDriver' failed: FileNotFoundError: File attribute was not a full path. Tried to find C:\Users\10712370\PycharmProjects\pythonProject\BPxPoc\Tests\Portal\TestCase\..\..\..\TestData\Database.xls but file does not exist.</msg>
</errors>
</robot>
